Log file open, 11/28/18 03:40:06
LogWindows: Failed to load 'aqProf.dll' (GetLastError=126)
LogWindows: File 'aqProf.dll' does not exist
LogWindows: Failed to load 'VtuneApi.dll' (GetLastError=126)
LogWindows: File 'VtuneApi.dll' does not exist
LogWindows: Failed to load 'VtuneApi32e.dll' (GetLastError=126)
LogWindows: File 'VtuneApi32e.dll' does not exist
LogConsoleResponse: Display: Failed to find resolution value strings in scalability ini. Falling back to default.
LogInit: Display: Running engine for game: UnrealRunner
LogPakFile: Registered encryption key '00000000000000000000000000000000': 0 pak files mounted, 0 remain pending
LogPlatformFile: Not using cached read wrapper
LogTaskGraph: Started task graph with 5 named threads and 14 total threads with 3 sets of task threads.
LogStats: Stats thread started at 0.209641
LogD3D11RHI: Loaded GFSDK_Aftermath_Lib.x64.dll
LogICUInternationalization: ICU TimeZone Detection - Raw Offset: +6:00, Platform Override: ''
LogPluginManager: Mounting plugin Paper2D
LogPluginManager: Mounting plugin AISupport
LogPluginManager: Mounting plugin LightPropagationVolume
LogPluginManager: Mounting plugin ActorLayerUtilities
LogPluginManager: Mounting plugin CLionSourceCodeAccess
LogPluginManager: Mounting plugin CodeLiteSourceCodeAccess
LogPluginManager: Mounting plugin GitSourceControl
LogPluginManager: Mounting plugin KDevelopSourceCodeAccess
LogPluginManager: Mounting plugin NullSourceCodeAccess
LogPluginManager: Mounting plugin PerforceSourceControl
LogPluginManager: Mounting plugin SubversionSourceControl
LogPluginManager: Mounting plugin UObjectPlugin
LogPluginManager: Mounting plugin VisualStudioCodeSourceCodeAccess
LogPluginManager: Mounting plugin VisualStudioSourceCodeAccess
LogPluginManager: Mounting plugin XCodeSourceCodeAccess
LogPluginManager: Mounting plugin AssetManagerEditor
LogPluginManager: Mounting plugin CryptoKeys
LogPluginManager: Mounting plugin DataValidation
LogPluginManager: Mounting plugin FacialAnimation
LogPluginManager: Mounting plugin GameplayTagsEditor
LogPluginManager: Mounting plugin MacGraphicsSwitching
LogPluginManager: Mounting plugin MeshEditor
LogPluginManager: Mounting plugin MobileLauncherProfileWizard
LogPluginManager: Mounting plugin PluginBrowser
LogPluginManager: Mounting plugin SpeedTreeImporter
LogPluginManager: Mounting plugin DatasmithContent
LogPluginManager: Mounting plugin VariantManagerContent
LogPluginManager: Mounting plugin AlembicImporter
LogPluginManager: Mounting plugin AppleImageUtils
LogPluginManager: Mounting plugin AppleVision
LogPluginManager: Mounting plugin BackChannel
LogPluginManager: Mounting plugin CharacterAI
LogPluginManager: Mounting plugin GeometryCache
LogPluginManager: Mounting plugin HTML5Networking
LogPluginManager: Mounting plugin ProxyLODPlugin
LogPluginManager: Mounting plugin MagicLeap
LogPluginManager: Mounting plugin MagicLeapMedia
LogPluginManager: Mounting plugin AndroidMedia
LogPluginManager: Mounting plugin AvfMedia
LogPluginManager: Mounting plugin ImgMedia
LogPluginManager: Mounting plugin LinearTimecode
LogPluginManager: Mounting plugin MediaCompositing
LogPluginManager: Mounting plugin MediaPlayerEditor
LogPluginManager: Mounting plugin WebMMedia
LogPluginManager: Mounting plugin WmfMedia
LogPluginManager: Mounting plugin TcpMessaging
LogPluginManager: Mounting plugin UdpMessaging
LogPluginManager: Mounting plugin ActorSequence
LogPluginManager: Mounting plugin LevelSequenceEditor
LogPluginManager: Mounting plugin MatineeToLevelSequence
LogPluginManager: Mounting plugin NetcodeUnitTest
LogPluginManager: Mounting plugin NUTUnrealEngine4
LogPluginManager: Mounting plugin OnlineSubsystemGooglePlay
LogPluginManager: Mounting plugin OnlineSubsystemIOS
LogPluginManager: Mounting plugin OnlineSubsystem
LogPluginManager: Mounting plugin OnlineSubsystemNull
LogPluginManager: Mounting plugin OnlineSubsystemUtils
LogPluginManager: Mounting plugin LauncherChunkInstaller
LogPluginManager: Mounting plugin AndroidDeviceProfileSelector
LogPluginManager: Mounting plugin AndroidMoviePlayer
LogPluginManager: Mounting plugin AndroidPermission
LogPluginManager: Mounting plugin AppleMoviePlayer
LogPluginManager: Mounting plugin ArchVisCharacter
LogPluginManager: Mounting plugin AudioCapture
LogPluginManager: Mounting plugin CableComponent
LogPluginManager: Mounting plugin CustomMeshComponent
LogPluginManager: Mounting plugin EditableMesh
LogPluginManager: Mounting plugin ExampleDeviceProfileSelector
LogPluginManager: Mounting plugin Firebase
LogPluginManager: Mounting plugin GoogleCloudMessaging
LogPluginManager: Mounting plugin IOSDeviceProfileSelector
LogPluginManager: Mounting plugin LinuxDeviceProfileSelector
LogPluginManager: Mounting plugin LocationServicesBPLibrary
LogPluginManager: Mounting plugin MobilePatchingUtils
LogPluginManager: Mounting plugin OculusVR
LogPluginManager: Mounting plugin PhysXVehicles
LogPluginManager: Mounting plugin ProceduralMeshComponent
LogPluginManager: Mounting plugin RuntimePhysXCooking
LogPluginManager: Mounting plugin SteamVR
LogPluginManager: Mounting plugin WebMMoviePlayer
LogPluginManager: Mounting plugin WindowsMoviePlayer
LogStreaming: Display: Took  0.082s to configure plugins.
LogInit: Using libcurl 7.55.1-DEV
LogInit:  - built for x86_64-pc-win32
LogInit:  - supports SSL with OpenSSL/1.0.2h
LogInit:  - supports HTTP deflate (compression) using libz 1.2.8
LogInit:  - other features:
LogInit:      CURL_VERSION_SSL
LogInit:      CURL_VERSION_LIBZ
LogInit:      CURL_VERSION_IPV6
LogInit:      CURL_VERSION_ASYNCHDNS
LogInit:      CURL_VERSION_LARGEFILE
LogInit:      CURL_VERSION_IDN
LogInit:  CurlRequestOptions (configurable via config and command line):
LogInit:  - bVerifyPeer = true  - Libcurl will verify peer certificate
LogInit:  - bUseHttpProxy = false  - Libcurl will NOT use HTTP proxy
LogInit:  - bDontReuseConnections = false  - Libcurl will reuse connections
LogInit:  - MaxHostConnections = 16  - Libcurl will limit the number of connections to a host
LogInit:  - LocalHostAddr = Default
LogInit:  - BufferSize = 65536
LogInit: WinSock: version 1.1 (2.2), MaxSocks=32767, MaxUdp=65467
LogInit: Build: ++UE4+Release-4.21-CL-4541578
LogInit: Engine Version: 4.21.0-4541578+++UE4+Release-4.21
LogInit: Compatible Engine Version: 4.21.0-4541578+++UE4+Release-4.21
LogInit: Net CL: 4541578
LogInit: OS: Windows 10 (), CPU:         Intel(R) Core(TM) i5-3470 CPU @ 3.20GHz, GPU: AMD Radeon R7 200 Series
LogInit: Compiled (64-bit): Nov  6 2018 02:04:24
LogInit: Compiled with Visual C++: 19.13.26129.00
LogInit: Build Configuration: Development
LogInit: Branch Name: ++UE4+Release-4.21
LogInit: Command Line:  /Game/ThirdPersonBP/Maps/MainMenuLevel -game -PIEVIACONSOLE -ResX=1280 -ResY=720 -Multiprocess -messaging -SessionName="Play in Standalone Game" -windowed
LogInit: Base Directory: C:/Program Files/Epic Games/UE_4.21/Engine/Binaries/Win64/
LogInit: Installed Engine Build: 1
LogDevObjectVersion: Number of dev versions registered: 22
LogDevObjectVersion:   Dev-Blueprints (B0D832E4-1F89-4F0D-ACCF-7EB736FD4AA2): 10
LogDevObjectVersion:   Dev-Build (E1C64328-A22C-4D53-A36C-8E866417BD8C): 0
LogDevObjectVersion:   Dev-Core (375EC13C-06E4-48FB-B500-84F0262A717E): 2
LogDevObjectVersion:   Dev-Editor (E4B068ED-F494-42E9-A231-DA0B2E46BB41): 26
LogDevObjectVersion:   Dev-Framework (CFFC743F-43B0-4480-9391-14DF171D2073): 34
LogDevObjectVersion:   Dev-Mobile (B02B49B5-BB20-44E9-A304-32B752E40360): 2
LogDevObjectVersion:   Dev-Networking (A4E4105C-59A1-49B5-A7C5-40C4547EDFEE): 0
LogDevObjectVersion:   Dev-Online (39C831C9-5AE6-47DC-9A44-9C173E1C8E7C): 0
LogDevObjectVersion:   Dev-Physics (78F01B33-EBEA-4F98-B9B4-84EACCB95AA2): 0
LogDevObjectVersion:   Dev-Platform (6631380F-2D4D-43E0-8009-CF276956A95A): 0
LogDevObjectVersion:   Dev-Rendering (12F88B9F-8875-4AFC-A67C-D90C383ABD29): 27
LogDevObjectVersion:   Dev-Sequencer (7B5AE74C-D270-4C10-A958-57980B212A5A): 9
LogDevObjectVersion:   Dev-VR (D7296918-1DD6-4BDD-9DE2-64A83CC13884): 2
LogDevObjectVersion:   Dev-LoadTimes (C2A15278-BFE7-4AFE-6C17-90FF531DF755): 1
LogDevObjectVersion:   Private-Geometry (6EACA3D4-40EC-4CC1-B786-8BED09428FC5): 3
LogDevObjectVersion:   Dev-AnimPhys (29E575DD-E0A3-4627-9D10-D276232CDCEA): 17
LogDevObjectVersion:   Dev-Anim (AF43A65D-7FD3-4947-9873-3E8ED9C1BB05): 2
LogDevObjectVersion:   Dev-ReflectionCapture (6B266CEC-1EC7-4B8F-A30B-E4D90942FC07): 1
LogDevObjectVersion:   Dev-Automation (0DF73D61-A23F-47EA-B727-89E90C41499A): 1
LogDevObjectVersion:   FortniteMain (601D1886-AC64-4F84-AA16-D3DE0DEAC7D6): 17
LogDevObjectVersion:   Dev-Enterprise (9DFFBCD6-494F-0158-E221-12823C92A888): 4
LogDevObjectVersion:   Dev-Niagara (F2AED0AC-9AFE-416F-8664-AA7FFA26D6FC): 1
LogStreaming: Display: Took  0.001s to delete old logs.
LogInit: Presizing for max 8388607 objects, including 0 objects not considered by GC, pre-allocating 0 bytes for permanent pool.
LogInit: Object subsystem initialized
LogConfig: Setting CVar [[con.DebugEarlyDefault:1]]
LogConfig: Setting CVar [[r.setres:1280x720]]
[2018.11.27-21.40.07:063][  0]LogConfig: Setting CVar [[con.DebugEarlyDefault:1]]
[2018.11.27-21.40.07:063][  0]LogConfig: Setting CVar [[r.setres:1280x720]]
[2018.11.27-21.40.07:063][  0]LogConfig: Applying CVar settings from Section [/Script/Engine.RendererSettings] File [C:/Users/Zombi3/Documents/Unreal Projects/UnrealRunner/Saved/Config/Windows/Engine.ini]
[2018.11.27-21.40.07:063][  0]LogConfig: Setting CVar [[r.GPUCrashDebugging:0]]
[2018.11.27-21.40.07:063][  0]LogConfig: Setting CVar [[r.MobileHDR:1]]
[2018.11.27-21.40.07:063][  0]LogConfig: Setting CVar [[r.Mobile.DisableVertexFog:1]]
[2018.11.27-21.40.07:063][  0]LogConfig: Setting CVar [[r.Shadow.CSM.MaxMobileCascades:2]]
[2018.11.27-21.40.07:064][  0]LogConfig: Setting CVar [[r.MobileMSAA:1]]
[2018.11.27-21.40.07:064][  0]LogConfig: Setting CVar [[r.Mobile.UseLegacyShadingModel:0]]
[2018.11.27-21.40.07:064][  0]LogConfig: Setting CVar [[r.DiscardUnusedQuality:0]]
[2018.11.27-21.40.07:064][  0]LogConfig: Setting CVar [[r.AllowOcclusionQueries:1]]
[2018.11.27-21.40.07:064][  0]LogConfig: Setting CVar [[r.MinScreenRadiusForLights:0.030000]]
[2018.11.27-21.40.07:064][  0]LogConfig: Setting CVar [[r.MinScreenRadiusForDepthPrepass:0.030000]]
[2018.11.27-21.40.07:064][  0]LogConfig: Setting CVar [[r.MinScreenRadiusForCSMDepth:0.010000]]
[2018.11.27-21.40.07:064][  0]LogConfig: Setting CVar [[r.PrecomputedVisibilityWarning:0]]
[2018.11.27-21.40.07:064][  0]LogConfig: Setting CVar [[r.TextureStreaming:1]]
[2018.11.27-21.40.07:064][  0]LogConfig: Setting CVar [[Compat.UseDXT5NormalMaps:0]]
[2018.11.27-21.40.07:064][  0]LogConfig: Setting CVar [[r.ClearCoatNormal:0]]
[2018.11.27-21.40.07:064][  0]LogConfig: Setting CVar [[r.ReflectionCaptureResolution:128]]
[2018.11.27-21.40.07:064][  0]LogConfig: Setting CVar [[r.ReflectionEnvironmentLightmapMixBasedOnRoughness:1]]
[2018.11.27-21.40.07:064][  0]LogConfig: Setting CVar [[r.ForwardShading:0]]
[2018.11.27-21.40.07:064][  0]LogConfig: Setting CVar [[r.VertexFoggingForOpaque:1]]
[2018.11.27-21.40.07:064][  0]LogConfig: Setting CVar [[r.AllowStaticLighting:1]]
[2018.11.27-21.40.07:064][  0]LogConfig: Setting CVar [[r.NormalMapsForStaticLighting:0]]
[2018.11.27-21.40.07:064][  0]LogConfig: Setting CVar [[r.GenerateMeshDistanceFields:0]]
[2018.11.27-21.40.07:064][  0]LogConfig: Setting CVar [[r.DistanceFieldBuild.EightBit:0]]
[2018.11.27-21.40.07:064][  0]LogConfig: Setting CVar [[r.GenerateLandscapeGIData:0]]
[2018.11.27-21.40.07:064][  0]LogConfig: Setting CVar [[r.DistanceFieldBuild.Compress:0]]
[2018.11.27-21.40.07:064][  0]LogConfig: Setting CVar [[r.TessellationAdaptivePixelsPerTriangle:48.000000]]
[2018.11.27-21.40.07:064][  0]LogConfig: Setting CVar [[r.SeparateTranslucency:0]]
[2018.11.27-21.40.07:064][  0]LogConfig: Setting CVar [[r.TranslucentSortPolicy:0]]
[2018.11.27-21.40.07:064][  0]LogConfig: Setting CVar [[r.CustomDepth:1]]
[2018.11.27-21.40.07:064][  0]LogConfig: Setting CVar [[r.CustomDepthTemporalAAJitter:1]]
[2018.11.27-21.40.07:064][  0]LogConfig: Setting CVar [[r.PostProcessing.PropagateAlpha:0]]
[2018.11.27-21.40.07:064][  0]LogConfig: Setting CVar [[r.DOF.Algorithm:1]]
[2018.11.27-21.40.07:064][  0]LogConfig: Setting CVar [[r.UsePreExposure:0]]
[2018.11.27-21.40.07:064][  0]LogConfig: Setting CVar [[r.DefaultFeature.Bloom:1]]
[2018.11.27-21.40.07:064][  0]LogConfig: Setting CVar [[r.DefaultFeature.AmbientOcclusion:0]]
[2018.11.27-21.40.07:064][  0]LogConfig: Setting CVar [[r.DefaultFeature.AmbientOcclusionStaticFraction:1]]
[2018.11.27-21.40.07:064][  0]LogConfig: Setting CVar [[r.DefaultFeature.AutoExposure:0]]
[2018.11.27-21.40.07:064][  0]LogConfig: Setting CVar [[r.DefaultFeature.AutoExposure.Method:0]]
[2018.11.27-21.40.07:064][  0]LogConfig: Setting CVar [[r.DefaultFeature.MotionBlur:0]]
[2018.11.27-21.40.07:064][  0]LogConfig: Setting CVar [[r.DefaultFeature.LensFlare:0]]
[2018.11.27-21.40.07:064][  0]LogConfig: Setting CVar [[r.TemporalAA.Upsampling:0]]
[2018.11.27-21.40.07:064][  0]LogConfig: Setting CVar [[r.DefaultFeature.AntiAliasing:0]]
[2018.11.27-21.40.07:064][  0]LogConfig: Setting CVar [[r.DefaultBackBufferPixelFormat:4]]
[2018.11.27-21.40.07:064][  0]LogConfig: Setting CVar [[r.Shadow.UnbuiltPreviewInGame:1]]
[2018.11.27-21.40.07:064][  0]LogConfig: Setting CVar [[r.StencilForLODDither:0]]
[2018.11.27-21.40.07:064][  0]LogConfig: Setting CVar [[r.EarlyZPass:3]]
[2018.11.27-21.40.07:064][  0]LogConfig: Setting CVar [[r.EarlyZPassMovable:1]]
[2018.11.27-21.40.07:064][  0]LogConfig: Setting CVar [[r.EarlyZPassOnlyMaterialMasking:0]]
[2018.11.27-21.40.07:064][  0]LogConfig: Setting CVar [[r.DBuffer:1]]
[2018.11.27-21.40.07:064][  0]LogConfig: Setting CVar [[r.ClearSceneMethod:1]]
[2018.11.27-21.40.07:064][  0]LogConfig: Setting CVar [[r.BasePassOutputsVelocity:0]]
[2018.11.27-21.40.07:064][  0]LogConfig: Setting CVar [[r.SelectiveBasePassOutputs:0]]
[2018.11.27-21.40.07:064][  0]LogConfig: Setting CVar [[fx.GPUSimulationTextureSizeX:1024]]
[2018.11.27-21.40.07:064][  0]LogConfig: Setting CVar [[fx.GPUSimulationTextureSizeY:1024]]
[2018.11.27-21.40.07:064][  0]LogConfig: Setting CVar [[r.AllowGlobalClipPlane:0]]
[2018.11.27-21.40.07:064][  0]LogConfig: Setting CVar [[r.GBufferFormat:1]]
[2018.11.27-21.40.07:065][  0]LogConfig: Setting CVar [[r.MorphTarget.Mode:1]]
[2018.11.27-21.40.07:065][  0]LogConfig: Setting CVar [[vr.InstancedStereo:0]]
[2018.11.27-21.40.07:065][  0]LogConfig: Setting CVar [[vr.MultiView:0]]
[2018.11.27-21.40.07:065][  0]LogConfig: Setting CVar [[vr.MobileMultiView:0]]
[2018.11.27-21.40.07:065][  0]LogConfig: Setting CVar [[vr.MobileMultiView.Direct:0]]
[2018.11.27-21.40.07:065][  0]LogConfig: Setting CVar [[vr.MonoscopicFarField:0]]
[2018.11.27-21.40.07:065][  0]LogConfig: Setting CVar [[vr.ODSCapture:0]]
[2018.11.27-21.40.07:065][  0]LogConfig: Setting CVar [[r.WireframeCullThreshold:5.000000]]
[2018.11.27-21.40.07:065][  0]LogConfig: Setting CVar [[r.SupportStationarySkylight:1]]
[2018.11.27-21.40.07:065][  0]LogConfig: Setting CVar [[r.SupportLowQualityLightmaps:1]]
[2018.11.27-21.40.07:065][  0]LogConfig: Setting CVar [[r.SupportPointLightWholeSceneShadows:1]]
[2018.11.27-21.40.07:065][  0]LogConfig: Setting CVar [[r.SupportAtmosphericFog:1]]
[2018.11.27-21.40.07:065][  0]LogConfig: Setting CVar [[r.SkinCache.CompileShaders:0]]
[2018.11.27-21.40.07:065][  0]LogConfig: Setting CVar [[r.Mobile.EnableStaticAndCSMShadowReceivers:1]]
[2018.11.27-21.40.07:065][  0]LogConfig: Setting CVar [[r.Mobile.EnableMovableLightCSMShaderCulling:1]]
[2018.11.27-21.40.07:065][  0]LogConfig: Setting CVar [[r.Mobile.AllowDistanceFieldShadows:1]]
[2018.11.27-21.40.07:065][  0]LogConfig: Setting CVar [[r.Mobile.AllowMovableDirectionalLights:1]]
[2018.11.27-21.40.07:065][  0]LogConfig: Setting CVar [[r.MobileNumDynamicPointLights:4]]
[2018.11.27-21.40.07:065][  0]LogConfig: Setting CVar [[r.MobileDynamicPointLightsUseStaticBranch:1]]
[2018.11.27-21.40.07:065][  0]LogConfig: Setting CVar [[r.SkinCache.SceneMemoryLimitInMB:128.000000]]
[2018.11.27-21.40.07:065][  0]LogConfig: Setting CVar [[r.GPUSkin.Limit2BoneInfluences:0]]
[2018.11.27-21.40.07:065][  0]LogConfig: Setting CVar [[r.SupportDepthOnlyIndexBuffers:1]]
[2018.11.27-21.40.07:065][  0]LogConfig: Setting CVar [[r.SupportReversedIndexBuffers:1]]
[2018.11.27-21.40.07:065][  0]LogConfig: Setting CVar [[r.SupportMaterialLayers:0]]
[2018.11.27-21.40.07:065][  0]LogConfig: Applying CVar settings from Section [/Script/Engine.RendererOverrideSettings] File [C:/Users/Zombi3/Documents/Unreal Projects/UnrealRunner/Saved/Config/Windows/Engine.ini]
[2018.11.27-21.40.07:065][  0]LogConfig: Applying CVar settings from Section [/Script/Engine.StreamingSettings] File [C:/Users/Zombi3/Documents/Unreal Projects/UnrealRunner/Saved/Config/Windows/Engine.ini]
[2018.11.27-21.40.07:065][  0]LogConfig: Setting CVar [[s.MinBulkDataSizeForAsyncLoading:131072]]
[2018.11.27-21.40.07:065][  0]LogConfig: Setting CVar [[s.AsyncLoadingThreadEnabled:0]]
[2018.11.27-21.40.07:065][  0]LogConfig: Setting CVar [[s.EventDrivenLoaderEnabled:1]]
[2018.11.27-21.40.07:065][  0]LogConfig: Setting CVar [[s.WarnIfTimeLimitExceeded:0]]
[2018.11.27-21.40.07:065][  0]LogConfig: Setting CVar [[s.TimeLimitExceededMultiplier:1.5]]
[2018.11.27-21.40.07:065][  0]LogConfig: Setting CVar [[s.TimeLimitExceededMinTime:0.005]]
[2018.11.27-21.40.07:065][  0]LogConfig: Setting CVar [[s.UseBackgroundLevelStreaming:1]]
[2018.11.27-21.40.07:065][  0]LogConfig: Setting CVar [[s.PriorityAsyncLoadingExtraTime:15.0]]
[2018.11.27-21.40.07:065][  0]LogConfig: Setting CVar [[s.LevelStreamingActorsUpdateTimeLimit:5.0]]
[2018.11.27-21.40.07:065][  0]LogConfig: Setting CVar [[s.PriorityLevelStreamingActorsUpdateExtraTime:5.0]]
[2018.11.27-21.40.07:065][  0]LogConfig: Setting CVar [[s.LevelStreamingComponentsRegistrationGranularity:10]]
[2018.11.27-21.40.07:065][  0]LogConfig: Setting CVar [[s.UnregisterComponentsTimeLimit:1.0]]
[2018.11.27-21.40.07:065][  0]LogConfig: Setting CVar [[s.LevelStreamingComponentsUnregistrationGranularity:5]]
[2018.11.27-21.40.07:065][  0]LogConfig: Applying CVar settings from Section [/Script/Engine.GarbageCollectionSettings] File [C:/Users/Zombi3/Documents/Unreal Projects/UnrealRunner/Saved/Config/Windows/Engine.ini]
[2018.11.27-21.40.07:065][  0]LogConfig: Setting CVar [[gc.MaxObjectsNotConsideredByGC:1]]
[2018.11.27-21.40.07:066][  0]LogConfig: Setting CVar [[gc.SizeOfPermanentObjectPool:0]]
[2018.11.27-21.40.07:066][  0]LogConfig: Setting CVar [[gc.FlushStreamingOnGC:0]]
[2018.11.27-21.40.07:066][  0]LogConfig: Setting CVar [[gc.NumRetriesBeforeForcingGC:10]]
[2018.11.27-21.40.07:066][  0]LogConfig: Setting CVar [[gc.AllowParallelGC:1]]
[2018.11.27-21.40.07:066][  0]LogConfig: Setting CVar [[gc.TimeBetweenPurgingPendingKillObjects:61.1]]
[2018.11.27-21.40.07:066][  0]LogConfig: Setting CVar [[gc.MaxObjectsInEditor:8388607]]
[2018.11.27-21.40.07:066][  0]LogConfig: Setting CVar [[gc.IncrementalBeginDestroyEnabled:1]]
[2018.11.27-21.40.07:066][  0]LogConfig: Setting CVar [[gc.CreateGCClusters:1]]
[2018.11.27-21.40.07:066][  0]LogConfig: Setting CVar [[gc.MergeGCClusters:0]]
[2018.11.27-21.40.07:066][  0]LogConfig: Setting CVar [[gc.MinGCClusterSize:5]]
[2018.11.27-21.40.07:066][  0]LogConfig: Setting CVar [[gc.ActorClusteringEnabled:0]]
[2018.11.27-21.40.07:066][  0]LogConfig: Setting CVar [[gc.BlueprintClusteringEnabled:0]]
[2018.11.27-21.40.07:066][  0]LogConfig: Setting CVar [[gc.UseDisregardForGCOnDedicatedServers:0]]
[2018.11.27-21.40.07:066][  0]LogConfig: Applying CVar settings from Section [/Script/Engine.NetworkSettings] File [C:/Users/Zombi3/Documents/Unreal Projects/UnrealRunner/Saved/Config/Windows/Engine.ini]
[2018.11.27-21.40.07:066][  0]LogConfig: Applying CVar settings from Section [/Script/UnrealEd.CookerSettings] File [C:/Users/Zombi3/Documents/Unreal Projects/UnrealRunner/Saved/Config/Windows/Engine.ini]
[2018.11.27-21.40.07:073][  0]LogConfig: Applying CVar settings from Section [ViewDistanceQuality@3] File [C:/Users/Zombi3/Documents/Unreal Projects/UnrealRunner/Saved/Config/Windows/Scalability.ini]
[2018.11.27-21.40.07:073][  0]LogConfig: Setting CVar [[r.SkeletalMeshLODBias:0]]
[2018.11.27-21.40.07:073][  0]LogConfig: Setting CVar [[r.ViewDistanceScale:1.0]]
[2018.11.27-21.40.07:073][  0]LogConfig: Applying CVar settings from Section [AntiAliasingQuality@3] File [C:/Users/Zombi3/Documents/Unreal Projects/UnrealRunner/Saved/Config/Windows/Scalability.ini]
[2018.11.27-21.40.07:073][  0]LogConfig: Setting CVar [[r.PostProcessAAQuality:4]]
[2018.11.27-21.40.07:073][  0]LogConfig: Applying CVar settings from Section [ShadowQuality@3] File [C:/Users/Zombi3/Documents/Unreal Projects/UnrealRunner/Saved/Config/Windows/Scalability.ini]
[2018.11.27-21.40.07:073][  0]LogConfig: Setting CVar [[r.LightFunctionQuality:1]]
[2018.11.27-21.40.07:073][  0]LogConfig: Setting CVar [[r.ShadowQuality:5]]
[2018.11.27-21.40.07:073][  0]LogConfig: Setting CVar [[r.Shadow.CSM.MaxCascades:10]]
[2018.11.27-21.40.07:073][  0]LogConfig: Setting CVar [[r.Shadow.MaxResolution:2048]]
[2018.11.27-21.40.07:073][  0]LogConfig: Setting CVar [[r.Shadow.MaxCSMResolution:2048]]
[2018.11.27-21.40.07:073][  0]LogConfig: Setting CVar [[r.Shadow.RadiusThreshold:0.01]]
[2018.11.27-21.40.07:073][  0]LogConfig: Setting CVar [[r.Shadow.DistanceScale:1.0]]
[2018.11.27-21.40.07:073][  0]LogConfig: Setting CVar [[r.Shadow.CSM.TransitionScale:1.0]]
[2018.11.27-21.40.07:073][  0]LogConfig: Setting CVar [[r.Shadow.PreShadowResolutionFactor:1.0]]
[2018.11.27-21.40.07:073][  0]LogConfig: Setting CVar [[r.DistanceFieldShadowing:1]]
[2018.11.27-21.40.07:073][  0]LogConfig: Setting CVar [[r.DistanceFieldAO:1]]
[2018.11.27-21.40.07:073][  0]LogConfig: Setting CVar [[r.AOQuality:2]]
[2018.11.27-21.40.07:073][  0]LogConfig: Setting CVar [[r.VolumetricFog:1]]
[2018.11.27-21.40.07:073][  0]LogConfig: Setting CVar [[r.VolumetricFog.GridPixelSize:8]]
[2018.11.27-21.40.07:073][  0]LogConfig: Setting CVar [[r.VolumetricFog.GridSizeZ:128]]
[2018.11.27-21.40.07:073][  0]LogConfig: Setting CVar [[r.VolumetricFog.HistoryMissSupersampleCount:4]]
[2018.11.27-21.40.07:073][  0]LogConfig: Setting CVar [[r.LightMaxDrawDistanceScale:1]]
[2018.11.27-21.40.07:073][  0]LogConfig: Setting CVar [[r.CapsuleShadows:1]]
[2018.11.27-21.40.07:073][  0]LogConfig: Applying CVar settings from Section [PostProcessQuality@3] File [C:/Users/Zombi3/Documents/Unreal Projects/UnrealRunner/Saved/Config/Windows/Scalability.ini]
[2018.11.27-21.40.07:073][  0]LogConfig: Setting CVar [[r.MotionBlurQuality:4]]
[2018.11.27-21.40.07:073][  0]LogConfig: Setting CVar [[r.AmbientOcclusionMipLevelFactor:0.4]]
[2018.11.27-21.40.07:073][  0]LogConfig: Setting CVar [[r.AmbientOcclusionMaxQuality:100]]
[2018.11.27-21.40.07:073][  0]LogConfig: Setting CVar [[r.AmbientOcclusionLevels:-1]]
[2018.11.27-21.40.07:073][  0]LogConfig: Setting CVar [[r.AmbientOcclusionRadiusScale:1.0]]
[2018.11.27-21.40.07:073][  0]LogConfig: Setting CVar [[r.DepthOfFieldQuality:2]]
[2018.11.27-21.40.07:073][  0]LogConfig: Setting CVar [[r.RenderTargetPoolMin:400]]
[2018.11.27-21.40.07:073][  0]LogConfig: Setting CVar [[r.LensFlareQuality:2]]
[2018.11.27-21.40.07:073][  0]LogConfig: Setting CVar [[r.SceneColorFringeQuality:1]]
[2018.11.27-21.40.07:073][  0]LogConfig: Setting CVar [[r.EyeAdaptationQuality:2]]
[2018.11.27-21.40.07:073][  0]LogConfig: Setting CVar [[r.BloomQuality:5]]
[2018.11.27-21.40.07:073][  0]LogConfig: Setting CVar [[r.FastBlurThreshold:100]]
[2018.11.27-21.40.07:073][  0]LogConfig: Setting CVar [[r.Upscale.Quality:3]]
[2018.11.27-21.40.07:073][  0]LogConfig: Setting CVar [[r.Tonemapper.GrainQuantization:1]]
[2018.11.27-21.40.07:073][  0]LogConfig: Setting CVar [[r.LightShaftQuality:1]]
[2018.11.27-21.40.07:073][  0]LogConfig: Setting CVar [[r.Filter.SizeScale:1]]
[2018.11.27-21.40.07:073][  0]LogConfig: Setting CVar [[r.Tonemapper.Quality:5]]
[2018.11.27-21.40.07:073][  0]LogConfig: Setting CVar [[r.DOF.Gather.AccumulatorQuality:1        ; higher gathering accumulator quality]]
[2018.11.27-21.40.07:073][  0]LogConfig: Setting CVar [[r.DOF.Gather.PostfilterMethod:1          ; Median3x3 postfilering method]]
[2018.11.27-21.40.07:073][  0]LogConfig: Setting CVar [[r.DOF.Gather.EnableBokehSettings:0       ; no bokeh simulation when gathering]]
[2018.11.27-21.40.07:073][  0]LogConfig: Setting CVar [[r.DOF.Gather.RingCount:4                 ; medium number of samples when gathering]]
[2018.11.27-21.40.07:073][  0]LogConfig: Setting CVar [[r.DOF.Scatter.ForegroundCompositing:1    ; additive foreground scattering]]
[2018.11.27-21.40.07:073][  0]LogConfig: Setting CVar [[r.DOF.Scatter.BackgroundCompositing:2    ; additive background scattering]]
[2018.11.27-21.40.07:073][  0]LogConfig: Setting CVar [[r.DOF.Scatter.EnableBokehSettings:1      ; bokeh simulation when scattering]]
[2018.11.27-21.40.07:074][  0]LogConfig: Setting CVar [[r.DOF.Scatter.MaxSpriteRatio:0.1         ; only a maximum of 10% of scattered bokeh]]
[2018.11.27-21.40.07:074][  0]LogConfig: Setting CVar [[r.DOF.Recombine.Quality:1                ; cheap slight out of focus]]
[2018.11.27-21.40.07:074][  0]LogConfig: Setting CVar [[r.DOF.Recombine.EnableBokehSettings:0    ; no bokeh simulation on slight out of focus]]
[2018.11.27-21.40.07:074][  0]LogConfig: Setting CVar [[r.DOF.TemporalAAQuality:1                ; more stable temporal accumulation]]
[2018.11.27-21.40.07:074][  0]LogConfig: Setting CVar [[r.DOF.Kernel.MaxForegroundRadius:0.025]]
[2018.11.27-21.40.07:074][  0]LogConfig: Setting CVar [[r.DOF.Kernel.MaxBackgroundRadius:0.025]]
[2018.11.27-21.40.07:074][  0]LogConfig: Applying CVar settings from Section [TextureQuality@3] File [C:/Users/Zombi3/Documents/Unreal Projects/UnrealRunner/Saved/Config/Windows/Scalability.ini]
[2018.11.27-21.40.07:074][  0]LogConfig: Setting CVar [[r.Streaming.MipBias:0]]
[2018.11.27-21.40.07:074][  0]LogConfig: Setting CVar [[r.Streaming.AmortizeCPUToGPUCopy:0]]
[2018.11.27-21.40.07:074][  0]LogConfig: Setting CVar [[r.Streaming.MaxNumTexturesToStreamPerFrame:0]]
[2018.11.27-21.40.07:074][  0]LogConfig: Setting CVar [[r.Streaming.Boost:1]]
[2018.11.27-21.40.07:074][  0]LogConfig: Setting CVar [[r.MaxAnisotropy:8]]
[2018.11.27-21.40.07:074][  0]LogConfig: Setting CVar [[r.Streaming.LimitPoolSizeToVRAM:0]]
[2018.11.27-21.40.07:074][  0]LogConfig: Setting CVar [[r.Streaming.PoolSize:1000]]
[2018.11.27-21.40.07:074][  0]LogConfig: Setting CVar [[r.Streaming.MaxEffectiveScreenSize:0]]
[2018.11.27-21.40.07:074][  0]LogConfig: Applying CVar settings from Section [EffectsQuality@3] File [C:/Users/Zombi3/Documents/Unreal Projects/UnrealRunner/Saved/Config/Windows/Scalability.ini]
[2018.11.27-21.40.07:074][  0]LogConfig: Setting CVar [[r.TranslucencyLightingVolumeDim:64]]
[2018.11.27-21.40.07:074][  0]LogConfig: Setting CVar [[r.RefractionQuality:2]]
[2018.11.27-21.40.07:074][  0]LogConfig: Setting CVar [[r.SSR.Quality:3]]
[2018.11.27-21.40.07:074][  0]LogConfig: Setting CVar [[r.SceneColorFormat:4]]
[2018.11.27-21.40.07:074][  0]LogConfig: Setting CVar [[r.DetailMode:2]]
[2018.11.27-21.40.07:074][  0]LogConfig: Setting CVar [[r.TranslucencyVolumeBlur:1]]
[2018.11.27-21.40.07:074][  0]LogConfig: Setting CVar [[r.MaterialQualityLevel:1 ; High quality]]
[2018.11.27-21.40.07:074][  0]LogConfig: Setting CVar [[r.SSS.Scale:1]]
[2018.11.27-21.40.07:074][  0]LogConfig: Setting CVar [[r.SSS.SampleSet:2]]
[2018.11.27-21.40.07:074][  0]LogConfig: Setting CVar [[r.SSS.Quality:1]]
[2018.11.27-21.40.07:074][  0]LogConfig: Setting CVar [[r.SSS.HalfRes:1]]
[2018.11.27-21.40.07:074][  0]LogConfig: Setting CVar [[r.EmitterSpawnRateScale:1.0]]
[2018.11.27-21.40.07:074][  0]LogConfig: Setting CVar [[r.ParticleLightQuality:2]]
[2018.11.27-21.40.07:074][  0]LogConfig: Applying CVar settings from Section [FoliageQuality@3] File [C:/Users/Zombi3/Documents/Unreal Projects/UnrealRunner/Saved/Config/Windows/Scalability.ini]
[2018.11.27-21.40.07:074][  0]LogConfig: Setting CVar [[foliage.DensityScale:1.0]]
[2018.11.27-21.40.07:074][  0]LogConfig: Setting CVar [[grass.DensityScale:1.0]]
[2018.11.27-21.40.07:074][  0]LogInit: Selected Device Profile: [Windows]
[2018.11.27-21.40.07:074][  0]LogInit: Applying CVar settings loaded from the selected device profile: [Windows]
[2018.11.27-21.40.07:080][  0]LogHAL: Display: Platform has ~ 8 GB [8538492928 / 8589934592 / 8], which maps to Default [LargestMinGB=32, LargerMinGB=12, DefaultMinGB=8, SmallerMinGB=6, SmallestMinGB=0)
[2018.11.27-21.40.07:081][  0]LogConfig: Setting CVar [[r.Vulkan.UseRealUBs:1]]
[2018.11.27-21.40.07:081][  0]LogInit: Going up to parent DeviceProfile []
[2018.11.27-21.40.07:081][  0]LogConfig: Applying CVar settings from Section [ViewDistanceQuality@3] File [C:/Users/Zombi3/Documents/Unreal Projects/UnrealRunner/Saved/Config/Windows/Scalability.ini]
[2018.11.27-21.40.07:081][  0]LogConfig: Setting CVar [[r.SkeletalMeshLODBias:0]]
[2018.11.27-21.40.07:081][  0]LogConfig: Setting CVar [[r.ViewDistanceScale:1.0]]
[2018.11.27-21.40.07:081][  0]LogConfig: Applying CVar settings from Section [AntiAliasingQuality@3] File [C:/Users/Zombi3/Documents/Unreal Projects/UnrealRunner/Saved/Config/Windows/Scalability.ini]
[2018.11.27-21.40.07:081][  0]LogConfig: Setting CVar [[r.PostProcessAAQuality:4]]
[2018.11.27-21.40.07:081][  0]LogConfig: Applying CVar settings from Section [ShadowQuality@3] File [C:/Users/Zombi3/Documents/Unreal Projects/UnrealRunner/Saved/Config/Windows/Scalability.ini]
[2018.11.27-21.40.07:081][  0]LogConfig: Setting CVar [[r.LightFunctionQuality:1]]
[2018.11.27-21.40.07:081][  0]LogConfig: Setting CVar [[r.ShadowQuality:5]]
[2018.11.27-21.40.07:081][  0]LogConfig: Setting CVar [[r.Shadow.CSM.MaxCascades:10]]
[2018.11.27-21.40.07:081][  0]LogConfig: Setting CVar [[r.Shadow.MaxResolution:2048]]
[2018.11.27-21.40.07:081][  0]LogConfig: Setting CVar [[r.Shadow.MaxCSMResolution:2048]]
[2018.11.27-21.40.07:081][  0]LogConfig: Setting CVar [[r.Shadow.RadiusThreshold:0.01]]
[2018.11.27-21.40.07:081][  0]LogConfig: Setting CVar [[r.Shadow.DistanceScale:1.0]]
[2018.11.27-21.40.07:081][  0]LogConfig: Setting CVar [[r.Shadow.CSM.TransitionScale:1.0]]
[2018.11.27-21.40.07:081][  0]LogConfig: Setting CVar [[r.Shadow.PreShadowResolutionFactor:1.0]]
[2018.11.27-21.40.07:081][  0]LogConfig: Setting CVar [[r.DistanceFieldShadowing:1]]
[2018.11.27-21.40.07:081][  0]LogConfig: Setting CVar [[r.DistanceFieldAO:1]]
[2018.11.27-21.40.07:081][  0]LogConfig: Setting CVar [[r.AOQuality:2]]
[2018.11.27-21.40.07:081][  0]LogConfig: Setting CVar [[r.VolumetricFog:1]]
[2018.11.27-21.40.07:081][  0]LogConfig: Setting CVar [[r.VolumetricFog.GridPixelSize:8]]
[2018.11.27-21.40.07:081][  0]LogConfig: Setting CVar [[r.VolumetricFog.GridSizeZ:128]]
[2018.11.27-21.40.07:081][  0]LogConfig: Setting CVar [[r.VolumetricFog.HistoryMissSupersampleCount:4]]
[2018.11.27-21.40.07:081][  0]LogConfig: Setting CVar [[r.LightMaxDrawDistanceScale:1]]
[2018.11.27-21.40.07:081][  0]LogConfig: Setting CVar [[r.CapsuleShadows:1]]
[2018.11.27-21.40.07:081][  0]LogConfig: Applying CVar settings from Section [PostProcessQuality@3] File [C:/Users/Zombi3/Documents/Unreal Projects/UnrealRunner/Saved/Config/Windows/Scalability.ini]
[2018.11.27-21.40.07:081][  0]LogConfig: Setting CVar [[r.MotionBlurQuality:4]]
[2018.11.27-21.40.07:081][  0]LogConfig: Setting CVar [[r.AmbientOcclusionMipLevelFactor:0.4]]
[2018.11.27-21.40.07:081][  0]LogConfig: Setting CVar [[r.AmbientOcclusionMaxQuality:100]]
[2018.11.27-21.40.07:081][  0]LogConfig: Setting CVar [[r.AmbientOcclusionLevels:-1]]
[2018.11.27-21.40.07:081][  0]LogConfig: Setting CVar [[r.AmbientOcclusionRadiusScale:1.0]]
[2018.11.27-21.40.07:081][  0]LogConfig: Setting CVar [[r.DepthOfFieldQuality:2]]
[2018.11.27-21.40.07:081][  0]LogConfig: Setting CVar [[r.RenderTargetPoolMin:400]]
[2018.11.27-21.40.07:081][  0]LogConfig: Setting CVar [[r.LensFlareQuality:2]]
[2018.11.27-21.40.07:081][  0]LogConfig: Setting CVar [[r.SceneColorFringeQuality:1]]
[2018.11.27-21.40.07:081][  0]LogConfig: Setting CVar [[r.EyeAdaptationQuality:2]]
[2018.11.27-21.40.07:081][  0]LogConfig: Setting CVar [[r.BloomQuality:5]]
[2018.11.27-21.40.07:081][  0]LogConfig: Setting CVar [[r.FastBlurThreshold:100]]
[2018.11.27-21.40.07:081][  0]LogConfig: Setting CVar [[r.Upscale.Quality:3]]
[2018.11.27-21.40.07:081][  0]LogConfig: Setting CVar [[r.Tonemapper.GrainQuantization:1]]
[2018.11.27-21.40.07:081][  0]LogConfig: Setting CVar [[r.LightShaftQuality:1]]
[2018.11.27-21.40.07:081][  0]LogConfig: Setting CVar [[r.Filter.SizeScale:1]]
[2018.11.27-21.40.07:081][  0]LogConfig: Setting CVar [[r.Tonemapper.Quality:5]]
[2018.11.27-21.40.07:081][  0]LogConfig: Setting CVar [[r.DOF.Gather.AccumulatorQuality:1        ; higher gathering accumulator quality]]
[2018.11.27-21.40.07:081][  0]LogConfig: Setting CVar [[r.DOF.Gather.PostfilterMethod:1          ; Median3x3 postfilering method]]
[2018.11.27-21.40.07:081][  0]LogConfig: Setting CVar [[r.DOF.Gather.EnableBokehSettings:0       ; no bokeh simulation when gathering]]
[2018.11.27-21.40.07:081][  0]LogConfig: Setting CVar [[r.DOF.Gather.RingCount:4                 ; medium number of samples when gathering]]
[2018.11.27-21.40.07:081][  0]LogConfig: Setting CVar [[r.DOF.Scatter.ForegroundCompositing:1    ; additive foreground scattering]]
[2018.11.27-21.40.07:081][  0]LogConfig: Setting CVar [[r.DOF.Scatter.BackgroundCompositing:2    ; additive background scattering]]
[2018.11.27-21.40.07:081][  0]LogConfig: Setting CVar [[r.DOF.Scatter.EnableBokehSettings:1      ; bokeh simulation when scattering]]
[2018.11.27-21.40.07:081][  0]LogConfig: Setting CVar [[r.DOF.Scatter.MaxSpriteRatio:0.1         ; only a maximum of 10% of scattered bokeh]]
[2018.11.27-21.40.07:082][  0]LogConfig: Setting CVar [[r.DOF.Recombine.Quality:1                ; cheap slight out of focus]]
[2018.11.27-21.40.07:082][  0]LogConfig: Setting CVar [[r.DOF.Recombine.EnableBokehSettings:0    ; no bokeh simulation on slight out of focus]]
[2018.11.27-21.40.07:082][  0]LogConfig: Setting CVar [[r.DOF.TemporalAAQuality:1                ; more stable temporal accumulation]]
[2018.11.27-21.40.07:082][  0]LogConfig: Setting CVar [[r.DOF.Kernel.MaxForegroundRadius:0.025]]
[2018.11.27-21.40.07:082][  0]LogConfig: Setting CVar [[r.DOF.Kernel.MaxBackgroundRadius:0.025]]
[2018.11.27-21.40.07:082][  0]LogConfig: Applying CVar settings from Section [TextureQuality@3] File [C:/Users/Zombi3/Documents/Unreal Projects/UnrealRunner/Saved/Config/Windows/Scalability.ini]
[2018.11.27-21.40.07:082][  0]LogConfig: Setting CVar [[r.Streaming.MipBias:0]]
[2018.11.27-21.40.07:082][  0]LogConfig: Setting CVar [[r.Streaming.AmortizeCPUToGPUCopy:0]]
[2018.11.27-21.40.07:082][  0]LogConfig: Setting CVar [[r.Streaming.MaxNumTexturesToStreamPerFrame:0]]
[2018.11.27-21.40.07:082][  0]LogConfig: Setting CVar [[r.Streaming.Boost:1]]
[2018.11.27-21.40.07:082][  0]LogConfig: Setting CVar [[r.MaxAnisotropy:8]]
[2018.11.27-21.40.07:082][  0]LogConfig: Setting CVar [[r.Streaming.LimitPoolSizeToVRAM:0]]
[2018.11.27-21.40.07:082][  0]LogConfig: Setting CVar [[r.Streaming.PoolSize:1000]]
[2018.11.27-21.40.07:082][  0]LogConfig: Setting CVar [[r.Streaming.MaxEffectiveScreenSize:0]]
[2018.11.27-21.40.07:082][  0]LogConfig: Applying CVar settings from Section [EffectsQuality@3] File [C:/Users/Zombi3/Documents/Unreal Projects/UnrealRunner/Saved/Config/Windows/Scalability.ini]
[2018.11.27-21.40.07:082][  0]LogConfig: Setting CVar [[r.TranslucencyLightingVolumeDim:64]]
[2018.11.27-21.40.07:082][  0]LogConfig: Setting CVar [[r.RefractionQuality:2]]
[2018.11.27-21.40.07:082][  0]LogConfig: Setting CVar [[r.SSR.Quality:3]]
[2018.11.27-21.40.07:082][  0]LogConfig: Setting CVar [[r.SceneColorFormat:4]]
[2018.11.27-21.40.07:082][  0]LogConfig: Setting CVar [[r.DetailMode:2]]
[2018.11.27-21.40.07:082][  0]LogConfig: Setting CVar [[r.TranslucencyVolumeBlur:1]]
[2018.11.27-21.40.07:082][  0]LogConfig: Setting CVar [[r.MaterialQualityLevel:1 ; High quality]]
[2018.11.27-21.40.07:082][  0]LogConfig: Setting CVar [[r.SSS.Scale:1]]
[2018.11.27-21.40.07:082][  0]LogConfig: Setting CVar [[r.SSS.SampleSet:2]]
[2018.11.27-21.40.07:082][  0]LogConfig: Setting CVar [[r.SSS.Quality:1]]
[2018.11.27-21.40.07:082][  0]LogConfig: Setting CVar [[r.SSS.HalfRes:1]]
[2018.11.27-21.40.07:082][  0]LogConfig: Setting CVar [[r.EmitterSpawnRateScale:1.0]]
[2018.11.27-21.40.07:082][  0]LogConfig: Setting CVar [[r.ParticleLightQuality:2]]
[2018.11.27-21.40.07:082][  0]LogConfig: Applying CVar settings from Section [FoliageQuality@3] File [C:/Users/Zombi3/Documents/Unreal Projects/UnrealRunner/Saved/Config/Windows/Scalability.ini]
[2018.11.27-21.40.07:082][  0]LogConfig: Setting CVar [[foliage.DensityScale:1.0]]
[2018.11.27-21.40.07:082][  0]LogConfig: Setting CVar [[grass.DensityScale:1.0]]
[2018.11.27-21.40.07:082][  0]LogConfig: Applying CVar settings from Section [Startup] File [../../../Engine/Config/ConsoleVariables.ini]
[2018.11.27-21.40.07:082][  0]LogConfig: Setting CVar [[net.UseAdaptiveNetUpdateFrequency:0]]
[2018.11.27-21.40.07:083][  0]LogConfig: Applying CVar settings from Section [ConsoleVariables] File [C:/Users/Zombi3/Documents/Unreal Projects/UnrealRunner/Saved/Config/Windows/Engine.ini]
[2018.11.27-21.40.07:083][  0]LogInit: Computer: DESKTOP-M4KUOPT
[2018.11.27-21.40.07:083][  0]LogInit: User: Zombi3
[2018.11.27-21.40.07:083][  0]LogInit: CPU Page size=4096, Cores=4
[2018.11.27-21.40.07:083][  0]LogInit: High frequency timer resolution =10.000000 MHz
[2018.11.27-21.40.07:083][  0]LogMemory: Memory total: Physical=8.0GB (8GB approx)
[2018.11.27-21.40.07:083][  0]LogMemory: Platform Memory Stats for Windows
[2018.11.27-21.40.07:083][  0]LogMemory: Process Physical Memory: 102.91 MB used, 102.91 MB peak
[2018.11.27-21.40.07:083][  0]LogMemory: Process Virtual Memory: 92.57 MB used, 92.57 MB peak
[2018.11.27-21.40.07:083][  0]LogMemory: Physical Memory: 5088.43 MB used,  3054.52 MB free, 8142.94 MB total
[2018.11.27-21.40.07:083][  0]LogMemory: Virtual Memory: 4638.08 MB used,  134213088.00 MB free, 134217728.00 MB total
[2018.11.27-21.40.07:102][  0]LogInit: Using OS detected language (en-US).
[2018.11.27-21.40.07:102][  0]LogInit: Using OS detected locale (en-US).
[2018.11.27-21.40.07:103][  0]LogTextLocalizationManager: No specific localization for 'en-US' exists, so the 'en' localization will be used.
[2018.11.27-21.40.07:584][  0]LogStreaming: Display: Took  0.481s to InitEngineTextLocalization.
[2018.11.27-21.40.07:643][  0]LogSlate: New Slate User Created.  User Index 0, Is Virtual User: 0
[2018.11.27-21.40.07:643][  0]LogSlate: Slate User Registered.  User Index 0, Is Virtual User: 0
[2018.11.27-21.40.07:652][  0]LogHMD: Failed to initialize OpenVR with code 110
[2018.11.27-21.40.07:652][  0]LogD3D11RHI: D3D11 adapters:
[2018.11.27-21.40.07:699][  0]LogD3D11RHI:    0. 'AMD Radeon R7 200 Series' (Feature Level 11_0)
[2018.11.27-21.40.07:699][  0]LogD3D11RHI:       2028/0/4071 MB DedicatedVideo/DedicatedSystem/SharedSystem, Outputs:2, VendorId:0x1002
[2018.11.27-21.40.07:701][  0]LogD3D11RHI:    1. 'Microsoft Basic Render Driver' (Feature Level 11_0)
[2018.11.27-21.40.07:701][  0]LogD3D11RHI:       0/0/4071 MB DedicatedVideo/DedicatedSystem/SharedSystem, Outputs:0, VendorId:0x1414
[2018.11.27-21.40.07:701][  0]LogD3D11RHI: Chosen D3D11 Adapter: 0
[2018.11.27-21.40.07:708][  0]LogD3D11RHI: Creating new Direct3DDevice
[2018.11.27-21.40.07:708][  0]LogD3D11RHI:     GPU DeviceId: 0x6613 (for the marketing name, search the web for "GPU Device Id")
[2018.11.27-21.40.07:708][  0]LogWindows: EnumDisplayDevices:
[2018.11.27-21.40.07:709][  0]LogWindows:    0. 'AMD Radeon R7 200 Series' (P:1 D:1)
[2018.11.27-21.40.07:709][  0]LogWindows:    1. 'AMD Radeon R7 200 Series' (P:0 D:1)
[2018.11.27-21.40.07:710][  0]LogWindows:    2. 'AMD Radeon R7 200 Series' (P:0 D:0)
[2018.11.27-21.40.07:710][  0]LogWindows: DebugString: FoundDriverCount:3 
[2018.11.27-21.40.07:710][  0]LogD3D11RHI:     Adapter Name: AMD Radeon R7 200 Series
[2018.11.27-21.40.07:710][  0]LogD3D11RHI:   Driver Version: Adrenalin 18.9.3 (internal:24.20.13019.1008, unified:24.20.13019.1008)
[2018.11.27-21.40.07:710][  0]LogD3D11RHI:      Driver Date: 9-25-2018
[2018.11.27-21.40.07:710][  0]LogRHI: Texture pool is 1419 MB (70% of 2028 MB)
[2018.11.27-21.40.07:745][  0]LogD3D11RHI: Async texture creation enabled
[2018.11.27-21.40.07:758][  0]LogD3D11RHI: GPU Timing Frequency: 27.000000 (Debug: 2 1)
[2018.11.27-21.40.08:125][  0]LogTemp: Display: Loaded TP WindowsClientTargetPlatform
[2018.11.27-21.40.08:143][  0]LogTemp: Display: Loaded TP WindowsNoEditorTargetPlatform
[2018.11.27-21.40.08:160][  0]LogTemp: Display: Loaded TP WindowsServerTargetPlatform
[2018.11.27-21.40.08:178][  0]LogTemp: Display: Loaded TP WindowsTargetPlatform
[2018.11.27-21.40.08:178][  0]LogTargetPlatformManager: Display: Building Assets For Windows
[2018.11.27-21.40.08:257][  0]LogShaderCompilers: Guid format shader working directory is -22 characters bigger than the processId version (../../../../../../Users/Zombi3/Documents/Unreal Projects/UnrealRunner/Intermediate/Shaders/WorkingDirectory/1904/).
[2018.11.27-21.40.08:257][  0]LogShaderCompilers: Cleaned the shader compiler working directory 'C:/Users/Zombi3/AppData/Local/Temp/UnrealShaderWorkingDir/3E2245DD4C23CAA905228690A0BD23B5/'.
[2018.11.27-21.40.08:261][  0]LogXGEController: Cannot use XGE Controller as Incredibuild is not installed on this machine.
[2018.11.27-21.40.08:261][  0]LogShaderCompilers: Cannot use XGE Shader Compiler as Incredibuild is not installed on this machine.
[2018.11.27-21.40.08:261][  0]LogShaderCompilers: Display: Using Local Shader Compiler.
[2018.11.27-21.40.08:857][  0]LogDerivedDataCache: Display: Max Cache Size: 512 MB
[2018.11.27-21.40.08:930][  0]LogDerivedDataCache: Loaded boot cache 0.07s 71MB C:/Users/Zombi3/AppData/Local/UnrealEngine/4.21/DerivedDataCache/Boot.ddc.
[2018.11.27-21.40.08:930][  0]LogDerivedDataCache: Display: Loaded Boot cache: C:/Users/Zombi3/AppData/Local/UnrealEngine/4.21/DerivedDataCache/Boot.ddc
[2018.11.27-21.40.08:931][  0]LogDerivedDataCache: FDerivedDataBackendGraph:  Pak pak cache file ../../../../../../Users/Zombi3/Documents/Unreal Projects/UnrealRunner/DerivedDataCache/DDC.ddp not found, will not use a pak cache.
[2018.11.27-21.40.08:931][  0]LogDerivedDataCache: Unable to find inner node Pak for hierarchical cache Hierarchy.
[2018.11.27-21.40.08:931][  0]LogDerivedDataCache: FDerivedDataBackendGraph:  CompressedPak pak cache file ../../../../../../Users/Zombi3/Documents/Unreal Projects/UnrealRunner/DerivedDataCache/Compressed.ddp not found, will not use a pak cache.
[2018.11.27-21.40.08:931][  0]LogDerivedDataCache: Unable to find inner node CompressedPak for hierarchical cache Hierarchy.
[2018.11.27-21.40.08:946][  0]LogDerivedDataCache: Display: Pak cache opened for reading ../../../Engine/DerivedDataCache/Compressed.ddp.
[2018.11.27-21.40.08:949][  0]LogDerivedDataCache: Display: Pak cache opened for reading ../../../Enterprise/DerivedDataCache/Compressed.ddp.
[2018.11.27-21.40.08:962][  0]LogDerivedDataCache: Using Local data cache path C:/Users/Zombi3/AppData/Local/UnrealEngine/Common/DerivedDataCache: Writable
[2018.11.27-21.40.08:962][  0]LogDerivedDataCache: Shared data cache path not found in *engine.ini, will not use an Shared cache.
[2018.11.27-21.40.08:962][  0]LogDerivedDataCache: Unable to find inner node Shared for hierarchical cache Hierarchy.
[2018.11.27-21.40.08:990][  0]LogMaterial: Verifying Global Shaders for PCD3D_SM5
[2018.11.27-21.40.08:994][  0]LogSlate: Using FreeType 2.6.0
[2018.11.27-21.40.08:995][  0]LogSlate: SlateFontServices - WITH_FREETYPE: 1, WITH_HARFBUZZ: 1
[2018.11.27-21.40.09:122][  0]LogInit: Using OS detected language (en-US).
[2018.11.27-21.40.09:122][  0]LogInit: Using OS detected locale (en-US).
[2018.11.27-21.40.09:123][  0]LogTextLocalizationManager: No localization for 'en-US' exists, so 'en' will be used for the language.
[2018.11.27-21.40.09:123][  0]LogTextLocalizationManager: No localization for 'en-US' exists, so 'en' will be used for the locale.
[2018.11.27-21.40.09:123][  0]LogSlate: FontCache flush requested. Reason: Culture for localization was changed
[2018.11.27-21.40.09:123][  0]LogSlate: FontCache flush requested. Reason: Culture for localization was changed
[2018.11.27-21.40.09:519][  0]LogStreaming: Display: Took  0.396s to InitGameTextLocalization.
[2018.11.27-21.40.09:528][  0]LogAssetRegistry: FAssetRegistry took 0.0048 seconds to start up
[2018.11.27-21.40.09:809][  0]LogPackageLocalizationCache: Processed 11 localized package path(s) for 1 prioritized culture(s) in 0.017178 seconds
[2018.11.27-21.40.09:954][  0]LogInit: Selected Device Profile: [Windows]
[2018.11.27-21.40.10:038][  0]LogSimplygon: Simplygon DLL not present - disabling.
[2018.11.27-21.40.10:042][  0]LogMeshReduction: Using SimplygonSwarm for distributed automatic mesh merging
[2018.11.27-21.40.10:042][  0]LogMeshReduction: Using ProxyLODMeshReduction for automatic mesh merging
[2018.11.27-21.40.10:043][  0]LogMeshReduction: Using QuadricMeshReduction for automatic static mesh reduction
[2018.11.27-21.40.10:043][  0]LogMeshReduction: No automatic skeletal mesh reduction module available
[2018.11.27-21.40.10:148][  0]LogNetVersion: UnrealRunner 1.0.0, NetCL: 4541578, EngineNetVer: 5, GameNetVer: 0 (Checksum: 1542739879)
[2018.11.27-21.40.10:832][  0]LogMoviePlayer: Initializing movie player
[2018.11.27-21.40.10:951][  0]LogTcpMessaging: Initializing TcpMessaging bridge
[2018.11.27-21.40.10:964][  0]LogUdpMessaging: Initializing bridge on interface 0.0.0.0:0 to multicast group 230.0.0.1:6666.
[2018.11.27-21.40.11:056][  0]SourceControl: Source control is disabled
[2018.11.27-21.40.11:056][  0]SourceControl: Source control is disabled
[2018.11.27-21.40.11:057][  0]SourceControl: Source control is disabled
[2018.11.27-21.40.11:190][  0]LogAndroidPermission: UAndroidPermissionCallbackProxy::GetInstance
[2018.11.27-21.40.11:282][  0]LogOcInput: OculusInput pre-init called
[2018.11.27-21.40.11:292][  0]LogUObjectArray: 43226 objects as part of root set at end of initial load.
[2018.11.27-21.40.11:292][  0]LogUObjectAllocator: 7590224 out of 0 bytes used by permanent object pool.
[2018.11.27-21.40.11:292][  0]LogUObjectArray: CloseDisregardForGC: 0/0 objects in disregard for GC pool
[2018.11.27-21.40.11:431][  0]LogEngine: Initializing Engine...
[2018.11.27-21.40.11:432][  0]LogHMD: Failed to initialize OpenVR with code 110
[2018.11.27-21.40.11:445][  0]LogStats: UGameplayTagsManager::ConstructGameplayTagTree: ImportINI prefixes -  0.000 s
[2018.11.27-21.40.11:445][  0]LogStats: UGameplayTagsManager::ConstructGameplayTagTree: Construct from data asset -  0.000 s
[2018.11.27-21.40.11:445][  0]LogStats: UGameplayTagsManager::ConstructGameplayTagTree: ImportINI -  0.000 s
[2018.11.27-21.40.11:446][  0]LogStats: UGameplayTagsManager::ConstructGameplayTagTree: GameplayTagTreeChangedEvent.Broadcast -  0.000 s
[2018.11.27-21.40.11:658][  0]LogInit: Initializing FReadOnlyCVARCache
[2018.11.27-21.40.11:676][  0]LogInit: XAudio2 using 'Headphones (High Definition Audio Device)' : 2 channels at 44.1 kHz using 16 bits per sample (channel mask 0x3)
[2018.11.27-21.40.11:697][  0]LogInit: FAudioDevice initialized.
[2018.11.27-21.40.11:709][  0]LogNetVersion: Set ProjectVersion to 1.0.0.0. Version Checksum will be recalculated on next use.
[2018.11.27-21.40.11:713][  0]LogInit: Texture streaming: Enabled
[2018.11.27-21.40.11:902][  0]LogSlate: Updating window title bar state: overlay mode, drag disabled, window buttons hidden, title bar hidden
[2018.11.27-21.40.11:902][  0]LogInit: Display: Game Engine Initialized.
[2018.11.27-21.40.11:902][  0]LogGameplayTags: Display: UGameplayTagsManager::DoneAddingNativeTags. DelegateIsBound: 0
[2018.11.27-21.40.11:902][  0]LogStats: UGameplayTagsManager::ConstructGameplayTagTree: ImportINI prefixes -  0.000 s
[2018.11.27-21.40.11:902][  0]LogStats: UGameplayTagsManager::ConstructGameplayTagTree: Construct from data asset -  0.000 s
[2018.11.27-21.40.11:902][  0]LogStats: UGameplayTagsManager::ConstructGameplayTagTree: ImportINI -  0.000 s
[2018.11.27-21.40.11:902][  0]LogStats: UGameplayTagsManager::ConstructGameplayTagTree: GameplayTagTreeChangedEvent.Broadcast -  0.000 s
[2018.11.27-21.40.11:921][  0]LogInit: Display: Starting Game.
[2018.11.27-21.40.11:921][  0]LogNet: Browse: /Game/ThirdPersonBP/Maps/MainMenuLevel?Name=Player
[2018.11.27-21.40.11:922][  0]LogLoad: LoadMap: /Game/ThirdPersonBP/Maps/MainMenuLevel?Name=Player
[2018.11.27-21.40.12:449][  0]LogAIModule: Creating AISystem for world MainMenuLevel
[2018.11.27-21.40.12:450][  0]LogLoad: Game class is 'ThirdPersonGameMode_C'
[2018.11.27-21.40.12:451][  0]LogWorld: Bringing World /Game/ThirdPersonBP/Maps/MainMenuLevel.MainMenuLevel up for play (max tick rate 0) at 2018.11.28-03.40.12
[2018.11.27-21.40.12:452][  0]LogWorld: Bringing up level for play took: 0.000703
[2018.11.27-21.40.12:452][  0]LogGameMode: FindPlayerStart: PATHS NOT DEFINED or NO PLAYERSTART with positive rating
[2018.11.27-21.40.12:453][  0]LogSpawn: Warning: SpawnActor failed because no class was specified
[2018.11.27-21.40.12:472][  0]LogLoad: Took 0.550275 seconds to LoadMap(/Game/ThirdPersonBP/Maps/MainMenuLevel)
[2018.11.27-21.40.12:530][  0]LogRenderer: Reallocating scene render targets to support 1280x720 Format 10 NumSamples 1 (Frame:1).
[2018.11.27-21.40.12:530][  0]LogLoad: (Engine Initialization) Total time: 7.39 seconds
[2018.11.27-21.40.12:530][  0]LogLoad: (Engine Initialization) Total Blueprint compile time: 0.00 seconds
[2018.11.27-21.40.12:553][  0]LogContentStreaming: Texture pool size now 1000 MB
[2018.11.27-21.40.21:769][558]LogPackageName: SearchForPackageOnDisk took   0.154s to resolve RunnerLevel.umap.
[2018.11.27-21.40.21:769][558]LogSlate: FSceneViewport::OnFocusLost() reason 0
[2018.11.27-21.40.21:926][558]LogPackageName: SearchForPackageOnDisk took   0.150s to resolve RunnerLevel.umap.
[2018.11.27-21.40.21:926][558]LogNet: Browse: /Game/ThirdPersonBP/Maps/RunnerLevel
[2018.11.27-21.40.21:926][558]LogLoad: LoadMap: /Game/ThirdPersonBP/Maps/RunnerLevel
[2018.11.27-21.40.22:055][558]LogAIModule: Creating AISystem for world RunnerLevel
[2018.11.27-21.40.22:508][558]LogLoad: Game class is 'ThirdPersonGameMode_C'
[2018.11.27-21.40.22:510][558]LogWorld: Bringing World /Game/ThirdPersonBP/Maps/RunnerLevel.RunnerLevel up for play (max tick rate 0) at 2018.11.28-03.40.22
[2018.11.27-21.40.22:511][558]LogWorld: Bringing up level for play took: 0.001455
[2018.11.27-21.40.22:511][558]LogSpawn: Warning: SpawnActor failed because no class was specified
[2018.11.27-21.40.22:523][558]LogLoad: Took 0.597136 seconds to LoadMap(/Game/ThirdPersonBP/Maps/RunnerLevel)
[2018.11.27-21.40.31:283][988]LogSlate: Window 'UnrealRunner (64-bit Development PCD3D_SM5) ' being destroyed
[2018.11.27-21.40.31:284][988]LogWindowsTextInputMethodSystem: Display: IME system now deactivated.
[2018.11.27-21.40.31:287][988]LogSlate: Updating window title bar state: overlay mode, drag disabled, window buttons hidden, title bar hidden
[2018.11.27-21.40.31:287][988]LogEngine: All Windows Closed
[2018.11.27-21.40.31:287][988]LogWindows: FPlatformMisc::RequestExit(0)
[2018.11.27-21.40.31:447][989]LogExit: Preparing to exit.
[2018.11.27-21.40.31:447][989]LogMoviePlayer: Shutting down movie player
[2018.11.27-21.40.31:990][989]LogSlate: Updating window title bar state: overlay mode, drag disabled, window buttons hidden, title bar hidden
[2018.11.27-21.40.32:004][989]LogExit: Game engine shut down
[2018.11.27-21.40.32:060][989]LogExit: Object subsystem successfully closed.
[2018.11.27-21.40.32:080][989]LogShaderCompilers: Display: Shaders left to compile 0
[2018.11.27-21.40.32:083][989]LogD3D11RHI: Shutdown
[2018.11.27-21.40.32:083][989]LogD3D11RHI: CleanupD3DDevice
[2018.11.27-21.40.32:084][989]LogD3D11RHI: ~FD3D11DynamicRHI
[2018.11.27-21.40.32:108][989]LogModuleManager: Shutting down and abandoning module SequenceRecorderSections (382)
[2018.11.27-21.40.32:108][989]LogModuleManager: Shutting down and abandoning module SequenceRecorder (380)
[2018.11.27-21.40.32:108][989]LogModuleManager: Shutting down and abandoning module AutomationController (378)
[2018.11.27-21.40.32:108][989]LogModuleManager: Shutting down and abandoning module AutomationWorker (376)
[2018.11.27-21.40.32:109][989]LogModuleManager: Shutting down and abandoning module Voice (374)
[2018.11.27-21.40.32:109][989]LogModuleManager: Shutting down and abandoning module AIModule (372)
[2018.11.27-21.40.32:109][989]LogModuleManager: Shutting down and abandoning module GameplayDebugger (371)
[2018.11.27-21.40.32:109][989]LogModuleManager: Shutting down and abandoning module AITestSuite (369)
[2018.11.27-21.40.32:109][989]LogModuleManager: Shutting down and abandoning module NavigationSystem (367)
[2018.11.27-21.40.32:109][989]LogModuleManager: Shutting down and abandoning module WmfMediaFactory (364)
[2018.11.27-21.40.32:109][989]LogModuleManager: Shutting down and abandoning module WebMMediaFactory (362)
[2018.11.27-21.40.32:109][989]LogModuleManager: Shutting down and abandoning module WebMMedia (360)
[2018.11.27-21.40.32:109][989]LogModuleManager: Shutting down and abandoning module OpenExrWrapper (358)
[2018.11.27-21.40.32:109][989]LogModuleManager: Shutting down and abandoning module ImgMediaFactory (356)
[2018.11.27-21.40.32:109][989]LogModuleManager: Shutting down and abandoning module AvfMediaFactory (354)
[2018.11.27-21.40.32:109][989]LogModuleManager: Shutting down and abandoning module MagicLeapCameraPreviewFactory (352)
[2018.11.27-21.40.32:109][989]LogModuleManager: Shutting down and abandoning module MagicLeapMediaFactory (350)
[2018.11.27-21.40.32:109][989]LogModuleManager: Shutting down and abandoning module CharacterAI (348)
[2018.11.27-21.40.32:109][989]LogModuleManager: Shutting down and abandoning module SessionServices (346)
[2018.11.27-21.40.32:109][989]LogModuleManager: Shutting down and abandoning module MovieSceneCapture (344)
[2018.11.27-21.40.32:109][989]LogModuleManager: Shutting down and abandoning module MovieSceneTracks (342)
[2018.11.27-21.40.32:109][989]LogModuleManager: Shutting down and abandoning module MovieScene (340)
[2018.11.27-21.40.32:109][989]LogModuleManager: Shutting down and abandoning module StreamingPauseRendering (338)
[2018.11.27-21.40.32:109][989]LogModuleManager: Shutting down and abandoning module PortalServices (336)
[2018.11.27-21.40.32:109][989]LogModuleManager: Shutting down and abandoning module PortalRpc (334)
[2018.11.27-21.40.32:109][989]LogModuleManager: Shutting down and abandoning module MessagingRpc (332)
[2018.11.27-21.40.32:109][989]LogModuleManager: Shutting down and abandoning module ImageWriteQueue (330)
[2018.11.27-21.40.32:111][989]LogModuleManager: Shutting down and abandoning module ProfilerService (328)
[2018.11.27-21.40.32:353][989]LogModuleManager: Shutting down and abandoning module TaskGraph (326)
[2018.11.27-21.40.32:353][989]LogModuleManager: Shutting down and abandoning module SteamVRController (324)
[2018.11.27-21.40.32:353][989]LogModuleManager: Shutting down and abandoning module ProceduralMeshComponent (322)
[2018.11.27-21.40.32:353][989]LogModuleManager: Shutting down and abandoning module OculusInput (320)
[2018.11.27-21.40.32:353][989]LogModuleManager: Shutting down and abandoning module MobilePatchingUtils (318)
[2018.11.27-21.40.32:353][989]LogModuleManager: Shutting down and abandoning module EditableMesh (316)
[2018.11.27-21.40.32:353][989]LogModuleManager: Shutting down and abandoning module CustomMeshComponent (314)
[2018.11.27-21.40.32:353][989]LogModuleManager: Shutting down and abandoning module CableComponent (312)
[2018.11.27-21.40.32:353][989]LogModuleManager: Shutting down and abandoning module AudioCapture (310)
[2018.11.27-21.40.32:353][989]LogModuleManager: Shutting down and abandoning module ArchVisCharacter (308)
[2018.11.27-21.40.32:353][989]LogModuleManager: Shutting down and abandoning module AndroidPermission (306)
[2018.11.27-21.40.32:353][989]LogModuleManager: Shutting down and abandoning module NUTUnrealEngine4 (304)
[2018.11.27-21.40.32:353][989]LogModuleManager: Shutting down and abandoning module NetcodeUnitTest (302)
[2018.11.27-21.40.32:354][989]LogModuleManager: Shutting down and abandoning module MediaCompositing (300)
[2018.11.27-21.40.32:354][989]LogModuleManager: Shutting down and abandoning module LinearTimecode (298)
[2018.11.27-21.40.32:354][989]LogModuleManager: Shutting down and abandoning module ImgMedia (296)
[2018.11.27-21.40.32:356][989]LogModuleManager: Shutting down and abandoning module HTML5Networking (294)
[2018.11.27-21.40.32:356][989]LogModuleManager: Shutting down and abandoning module GeometryCacheTracks (292)
[2018.11.27-21.40.32:356][989]LogModuleManager: Shutting down and abandoning module GeometryCacheSequencer (291)
[2018.11.27-21.40.32:356][989]LogModuleManager: Shutting down and abandoning module GeometryCache (288)
[2018.11.27-21.40.32:356][989]LogModuleManager: Shutting down and abandoning module GeometryCacheEd (287)
[2018.11.27-21.40.32:356][989]LogModuleManager: Shutting down and abandoning module BackChannel (284)
[2018.11.27-21.40.32:356][989]LogModuleManager: Shutting down and abandoning module AppleVision (282)
[2018.11.27-21.40.32:356][989]LogModuleManager: Shutting down and abandoning module AppleImageUtilsBlueprintSupport (280)
[2018.11.27-21.40.32:356][989]LogModuleManager: Shutting down and abandoning module AppleImageUtils (278)
[2018.11.27-21.40.32:356][989]LogModuleManager: Shutting down and abandoning module VariantManagerContent (276)
[2018.11.27-21.40.32:356][989]LogModuleManager: Shutting down and abandoning module CryptoKeysOpenSSL (274)
[2018.11.27-21.40.32:356][989]LogModuleManager: Shutting down and abandoning module CryptoKeys (272)
[2018.11.27-21.40.32:356][989]LogModuleManager: Shutting down and abandoning module VisualStudioSourceCodeAccess (270)
[2018.11.27-21.40.32:356][989]LogModuleManager: Shutting down and abandoning module HotReload (269)
[2018.11.27-21.40.32:356][989]LogModuleManager: Shutting down and abandoning module DirectoryWatcher (268)
[2018.11.27-21.40.32:356][989]LogModuleManager: Shutting down and abandoning module VisualStudioCodeSourceCodeAccess (264)
[2018.11.27-21.40.32:356][989]LogModuleManager: Shutting down and abandoning module UObjectPlugin (262)
[2018.11.27-21.40.32:356][989]LogModuleManager: Shutting down and abandoning module SubversionSourceControl (260)
[2018.11.27-21.40.32:356][989]LogModuleManager: Shutting down and abandoning module PerforceSourceControl (258)
[2018.11.27-21.40.32:356][989]LogModuleManager: Shutting down and abandoning module SourceControl (257)
[2018.11.27-21.40.32:356][989]LogModuleManager: Shutting down and abandoning module CLionSourceCodeAccess (254)
[2018.11.27-21.40.32:356][989]LogModuleManager: Shutting down and abandoning module ActorLayerUtilities (252)
[2018.11.27-21.40.32:356][989]LogModuleManager: Shutting down and abandoning module RuntimePhysXCooking (250)
[2018.11.27-21.40.32:357][989]LogModuleManager: Shutting down and abandoning module PhysXVehiclesEditor (248)
[2018.11.27-21.40.32:357][989]LogModuleManager: Shutting down and abandoning module PhysXVehicles (246)
[2018.11.27-21.40.32:357][989]LogModuleManager: Shutting down and abandoning module LocationServicesBPLibrary (244)
[2018.11.27-21.40.32:357][989]LogModuleManager: Shutting down and abandoning module ActorSequence (242)
[2018.11.27-21.40.32:357][989]LogModuleManager: Shutting down and abandoning module UdpMessaging (240)
[2018.11.27-21.40.32:458][989]LogModuleManager: Shutting down and abandoning module TcpMessaging (238)
[2018.11.27-21.40.32:962][989]LogModuleManager: Shutting down and abandoning module MagicLeapAudio (236)
[2018.11.27-21.40.32:962][989]LogModuleManager: Shutting down and abandoning module GameplayTagsEditor (234)
[2018.11.27-21.40.32:962][989]LogModuleManager: Shutting down and abandoning module FacialAnimation (232)
[2018.11.27-21.40.32:962][989]LogModuleManager: Shutting down and abandoning module DataValidation (230)
[2018.11.27-21.40.32:962][989]LogModuleManager: Shutting down and abandoning module AssetManagerEditor (228)
[2018.11.27-21.40.32:962][989]LogModuleManager: Shutting down and abandoning module TreeMap (227)
[2018.11.27-21.40.32:962][989]LogModuleManager: Shutting down and abandoning module LightPropagationVolumeRuntime (224)
[2018.11.27-21.40.32:962][989]LogModuleManager: Shutting down and abandoning module AISupportModule (222)
[2018.11.27-21.40.32:962][989]LogModuleManager: Shutting down and abandoning module Paper2D (220)
[2018.11.27-21.40.32:962][989]LogModuleManager: Shutting down and abandoning module WindowsMoviePlayer (218)
[2018.11.27-21.40.32:962][989]LogModuleManager: Shutting down and abandoning module WebMMoviePlayer (216)
[2018.11.27-21.40.32:962][989]LogModuleManager: Shutting down and abandoning module WmfMedia (214)
[2018.11.27-21.40.32:963][989]LogModuleManager: Shutting down and abandoning module Media (213)
[2018.11.27-21.40.32:969][989]LogModuleManager: Shutting down and abandoning module PacketHandler (210)
[2018.11.27-21.40.32:969][989]LogModuleManager: Shutting down and abandoning module ClothingSystemEditor (208)
[2018.11.27-21.40.32:969][989]LogModuleManager: Shutting down and abandoning module ClothingSystemRuntime (206)
[2018.11.27-21.40.32:969][989]LogModuleManager: Shutting down and abandoning module MediaAssets (204)
[2018.11.27-21.40.32:969][989]LogModuleManager: Shutting down and abandoning module Overlay (202)
[2018.11.27-21.40.32:969][989]LogModuleManager: Shutting down and abandoning module OverlayEditor (201)
[2018.11.27-21.40.32:969][989]LogModuleManager: Shutting down and abandoning module VREditor (198)
[2018.11.27-21.40.32:969][989]LogModuleManager: Shutting down and abandoning module StringTableEditor (196)
[2018.11.27-21.40.32:969][989]LogModuleManager: Shutting down and abandoning module GameplayTasksEditor (194)
[2018.11.27-21.40.32:969][989]LogModuleManager: Shutting down and abandoning module BehaviorTreeEditor (192)
[2018.11.27-21.40.32:969][989]LogModuleManager: Shutting down and abandoning module FunctionalTesting (190)
[2018.11.27-21.40.32:969][989]LogModuleManager: Shutting down and abandoning module CollisionAnalyzer (188)
[2018.11.27-21.40.32:970][989]LogModuleManager: Shutting down and abandoning module WorkspaceMenuStructure (187)
[2018.11.27-21.40.32:970][989]LogModuleManager: Shutting down and abandoning module UMG (184)
[2018.11.27-21.40.32:970][989]LogModuleManager: Shutting down and abandoning module UMGEditor (183)
[2018.11.27-21.40.32:970][989]LogModuleManager: Shutting down and abandoning module Sequencer (182)
[2018.11.27-21.40.32:970][989]LogModuleManager: Shutting down and abandoning module MessageLog (179)
[2018.11.27-21.40.32:970][989]LogModuleManager: Shutting down and abandoning module SlateReflector (174)
[2018.11.27-21.40.32:970][989]LogModuleManager: Shutting down and abandoning module Slate (172)
[2018.11.27-21.40.32:970][989]LogModuleManager: Shutting down and abandoning module EditorStyle (170)
[2018.11.27-21.40.32:972][989]LogModuleManager: Shutting down and abandoning module MRMesh (168)
[2018.11.27-21.40.32:972][989]LogModuleManager: Shutting down and abandoning module Messaging (166)
[2018.11.27-21.40.32:972][989]LogModuleManager: Shutting down and abandoning module SourceCodeAccess (164)
[2018.11.27-21.40.32:972][989]LogModuleManager: Shutting down and abandoning module HeadMountedDisplay (162)
[2018.11.27-21.40.32:972][989]LogModuleManager: Shutting down and abandoning module XAudio2 (160)
[2018.11.27-21.40.32:972][989]LogModuleManager: Shutting down and abandoning module Networking (158)
[2018.11.27-21.40.32:972][989]LogModuleManager: Shutting down and abandoning module Core (156)
[2018.11.27-21.40.32:972][989]LogModuleManager: Shutting down and abandoning module LevelSequence (154)
[2018.11.27-21.40.32:972][989]LogModuleManager: Shutting down and abandoning module KismetCompiler (152)
[2018.11.27-21.40.32:972][989]LogModuleManager: Shutting down and abandoning module MeshUtilities (150)
[2018.11.27-21.40.32:972][989]LogModuleManager: Shutting down and abandoning module MeshMergeUtilities (149)
[2018.11.27-21.40.32:972][989]LogModuleManager: Shutting down and abandoning module MeshReductionInterface (148)
[2018.11.27-21.40.32:972][989]LogModuleManager: Shutting down and abandoning module SimplygonSwarm (147)
[2018.11.27-21.40.32:972][989]LogModuleManager: Shutting down and abandoning module ProxyLODMeshReduction (145)
[2018.11.27-21.40.32:972][989]LogModuleManager: Shutting down and abandoning module SimplygonMeshReduction (143)
[2018.11.27-21.40.32:972][989]LogModuleManager: Shutting down and abandoning module QuadricMeshReduction (141)
[2018.11.27-21.40.32:972][989]LogModuleManager: Shutting down and abandoning module MaterialBaking (137)
[2018.11.27-21.40.32:972][989]LogModuleManager: Shutting down and abandoning module PIEPreviewDeviceProfileSelector (132)
[2018.11.27-21.40.32:972][989]LogModuleManager: Shutting down and abandoning module DerivedDataCache (130)
[2018.11.27-21.40.32:978][989]LogDerivedDataCache: Shutdown
[2018.11.27-21.40.32:978][989]LogModuleManager: Shutting down and abandoning module XGEController (128)
[2018.11.27-21.40.32:978][989]LogModuleManager: Shutting down and abandoning module TargetPlatform (126)
[2018.11.27-21.40.32:978][989]LogModuleManager: Shutting down and abandoning module VulkanShaderFormat (125)
[2018.11.27-21.40.32:978][989]LogModuleManager: Shutting down and abandoning module ShaderFormatVectorVM (123)
[2018.11.27-21.40.32:978][989]LogModuleManager: Shutting down and abandoning module ShaderFormatOpenGL (121)
[2018.11.27-21.40.32:978][989]LogModuleManager: Shutting down and abandoning module ShaderFormatD3D (119)
[2018.11.27-21.40.32:978][989]LogModuleManager: Shutting down and abandoning module MetalShaderFormat (117)
[2018.11.27-21.40.32:978][989]LogModuleManager: Shutting down and abandoning module TextureFormatUncompressed (115)
[2018.11.27-21.40.32:978][989]LogModuleManager: Shutting down and abandoning module TextureFormatPVR (113)
[2018.11.27-21.40.32:978][989]LogModuleManager: Shutting down and abandoning module TextureFormatDXT (111)
[2018.11.27-21.40.32:978][989]LogModuleManager: Shutting down and abandoning module TextureFormatIntelISPCTexComp (109)
[2018.11.27-21.40.32:978][989]LogModuleManager: Shutting down and abandoning module TextureFormatASTC (107)
[2018.11.27-21.40.32:978][989]LogModuleManager: Shutting down and abandoning module ImageWrapper (106)
[2018.11.27-21.40.32:978][989]LogModuleManager: Shutting down and abandoning module TextureFormatAndroid (103)
[2018.11.27-21.40.32:978][989]LogModuleManager: Shutting down and abandoning module AudioFormatOpus (101)
[2018.11.27-21.40.32:979][989]LogModuleManager: Shutting down and abandoning module AudioFormatOgg (99)
[2018.11.27-21.40.32:979][989]LogModuleManager: Shutting down and abandoning module AudioFormatADPCM (97)
[2018.11.27-21.40.32:979][989]LogModuleManager: Shutting down and abandoning module WindowsTargetPlatform (95)
[2018.11.27-21.40.32:979][989]LogModuleManager: Shutting down and abandoning module WindowsServerTargetPlatform (93)
[2018.11.27-21.40.32:979][989]LogModuleManager: Shutting down and abandoning module WindowsNoEditorTargetPlatform (91)
[2018.11.27-21.40.32:979][989]LogModuleManager: Shutting down and abandoning module WindowsClientTargetPlatform (89)
[2018.11.27-21.40.32:979][989]LogModuleManager: Shutting down and abandoning module InputCore (86)
[2018.11.27-21.40.32:979][989]LogModuleManager: Shutting down and abandoning module Settings (84)
[2018.11.27-21.40.32:979][989]LogModuleManager: Shutting down and abandoning module PhysXCooking (82)
[2018.11.27-21.40.32:979][989]LogModuleManager: Shutting down and abandoning module SteamVR (80)
[2018.11.27-21.40.32:979][989]LogHMD: Freeing OpenVRDLLHandle.
[2018.11.27-21.40.32:979][989]LogModuleManager: Shutting down and abandoning module OculusHMD (78)
[2018.11.27-21.40.32:979][989]LogModuleManager: Shutting down and abandoning module ExampleDeviceProfileSelector (76)
[2018.11.27-21.40.32:979][989]LogModuleManager: Shutting down and abandoning module LauncherChunkInstaller (74)
[2018.11.27-21.40.32:979][989]LogModuleManager: Shutting down and abandoning module OnlineBlueprintSupport (72)
[2018.11.27-21.40.32:979][989]LogModuleManager: Shutting down and abandoning module OnlineSubsystem (68)
[2018.11.27-21.40.32:979][989]LogModuleManager: Shutting down and abandoning module XMPP (63)
[2018.11.27-21.40.32:979][989]LogModuleManager: Shutting down and abandoning module WebSockets (62)
[2018.11.27-21.40.33:003][989]LogModuleManager: Shutting down and abandoning module HTTP (59)
[2018.11.27-21.40.33:035][989]LogModuleManager: Shutting down and abandoning module SSL (58)
[2018.11.27-21.40.33:037][989]LogModuleManager: Shutting down and abandoning module MagicLeapIdentity (54)
[2018.11.27-21.40.33:037][989]LogModuleManager: Shutting down and abandoning module MagicLeapHelperVulkan (52)
[2018.11.27-21.40.33:037][989]LogModuleManager: Shutting down and abandoning module MagicLeapHelperOpenGL (50)
[2018.11.27-21.40.33:037][989]LogModuleManager: Shutting down and abandoning module MagicLeapSecureStorage (48)
[2018.11.27-21.40.33:037][989]LogModuleManager: Shutting down and abandoning module MagicLeapHandTracking (46)
[2018.11.27-21.40.33:037][989]LogModuleManager: Shutting down and abandoning module MagicLeapEyeTracker (44)
[2018.11.27-21.40.33:037][989]LogModuleManager: Shutting down and abandoning module MagicLeapController (42)
[2018.11.27-21.40.33:037][989]LogSlate: Slate User Destroyed.  User Index 0, Is Virtual User: 0
[2018.11.27-21.40.33:037][989]LogModuleManager: Shutting down and abandoning module MagicLeap (40)
[2018.11.27-21.40.33:037][989]LogModuleManager: Shutting down and abandoning module DatasmithContent (38)
[2018.11.27-21.40.33:038][989]LogModuleManager: Shutting down and abandoning module AnimationModifiers (36)
[2018.11.27-21.40.33:038][989]LogModuleManager: Shutting down and abandoning module PropertyEditor (35)
[2018.11.27-21.40.33:038][989]LogModuleManager: Shutting down and abandoning module AudioEditor (32)
[2018.11.27-21.40.33:038][989]LogModuleManager: Shutting down and abandoning module TextureCompressor (30)
[2018.11.27-21.40.33:038][989]LogModuleManager: Shutting down and abandoning module ShaderCore (28)
[2018.11.27-21.40.33:038][989]LogModuleManager: Shutting down and abandoning module Landscape (26)
[2018.11.27-21.40.33:038][989]LogModuleManager: Shutting down and abandoning module SlateRHIRenderer (24)
[2018.11.27-21.40.33:038][989]LogModuleManager: Shutting down and abandoning module OpenGLDrv (22)
[2018.11.27-21.40.33:038][989]LogModuleManager: Shutting down and abandoning module D3D11RHI (20)
[2018.11.27-21.40.33:038][989]LogModuleManager: Shutting down and abandoning module AnimGraphRuntime (18)
[2018.11.27-21.40.33:038][989]LogModuleManager: Shutting down and abandoning module Renderer (16)
[2018.11.27-21.40.33:038][989]LogModuleManager: Shutting down and abandoning module Engine (14)
[2018.11.27-21.40.33:038][989]LogModuleManager: Shutting down and abandoning module CoreUObject (12)
[2018.11.27-21.40.33:038][989]LogModuleManager: Shutting down and abandoning module NetworkFile (10)
[2018.11.27-21.40.33:038][989]LogModuleManager: Shutting down and abandoning module CookedIterativeFile (8)
[2018.11.27-21.40.33:039][989]LogModuleManager: Shutting down and abandoning module StreamingFile (6)
[2018.11.27-21.40.33:039][989]LogModuleManager: Shutting down and abandoning module SandboxFile (4)
[2018.11.27-21.40.33:039][989]LogModuleManager: Shutting down and abandoning module PakFile (2)
[2018.11.27-21.40.33:045][989]LogExit: Exiting.
[2018.11.27-21.40.33:054][989]Log file closed, 11/28/18 03:40:33
