Log file open, 12/08/18 00:57:44
LogWindows: Failed to load 'aqProf.dll' (GetLastError=126)
LogWindows: File 'aqProf.dll' does not exist
LogWindows: Failed to load 'VtuneApi.dll' (GetLastError=126)
LogWindows: File 'VtuneApi.dll' does not exist
LogWindows: Failed to load 'VtuneApi32e.dll' (GetLastError=126)
LogWindows: File 'VtuneApi32e.dll' does not exist
LogConsoleResponse: Display: Failed to find resolution value strings in scalability ini. Falling back to default.
LogInit: Display: Running engine for game: UnrealRunner
LogPakFile: Registered encryption key '00000000000000000000000000000000': 0 pak files mounted, 0 remain pending
LogPlatformFile: Not using cached read wrapper
LogTaskGraph: Started task graph with 5 named threads and 11 total threads with 3 sets of task threads.
LogStats: Stats thread started at 0.185542
LogD3D11RHI: Loaded GFSDK_Aftermath_Lib.x64.dll
LogICUInternationalization: ICU TimeZone Detection - Raw Offset: +6:00, Platform Override: ''
LogPluginManager: Mounting plugin Paper2D
LogPluginManager: Mounting plugin AISupport
LogPluginManager: Mounting plugin LightPropagationVolume
LogPluginManager: Mounting plugin ActorLayerUtilities
LogPluginManager: Mounting plugin CLionSourceCodeAccess
LogPluginManager: Mounting plugin CodeLiteSourceCodeAccess
LogPluginManager: Mounting plugin GitSourceControl
LogPluginManager: Mounting plugin KDevelopSourceCodeAccess
LogPluginManager: Mounting plugin NullSourceCodeAccess
LogPluginManager: Mounting plugin PerforceSourceControl
LogPluginManager: Mounting plugin SubversionSourceControl
LogPluginManager: Mounting plugin UObjectPlugin
LogPluginManager: Mounting plugin VisualStudioCodeSourceCodeAccess
LogPluginManager: Mounting plugin VisualStudioSourceCodeAccess
LogPluginManager: Mounting plugin XCodeSourceCodeAccess
LogPluginManager: Mounting plugin AssetManagerEditor
LogPluginManager: Mounting plugin CryptoKeys
LogPluginManager: Mounting plugin DataValidation
LogPluginManager: Mounting plugin FacialAnimation
LogPluginManager: Mounting plugin GameplayTagsEditor
LogPluginManager: Mounting plugin MacGraphicsSwitching
LogPluginManager: Mounting plugin MeshEditor
LogPluginManager: Mounting plugin MobileLauncherProfileWizard
LogPluginManager: Mounting plugin PluginBrowser
LogPluginManager: Mounting plugin SpeedTreeImporter
LogPluginManager: Mounting plugin DatasmithContent
LogPluginManager: Mounting plugin VariantManagerContent
LogPluginManager: Mounting plugin AlembicImporter
LogPluginManager: Mounting plugin AppleImageUtils
LogPluginManager: Mounting plugin AppleVision
LogPluginManager: Mounting plugin BackChannel
LogPluginManager: Mounting plugin CharacterAI
LogPluginManager: Mounting plugin GeometryCache
LogPluginManager: Mounting plugin HTML5Networking
LogPluginManager: Mounting plugin ProxyLODPlugin
LogPluginManager: Mounting plugin MagicLeap
LogPluginManager: Mounting plugin MagicLeapMedia
LogPluginManager: Mounting plugin AndroidMedia
LogPluginManager: Mounting plugin AvfMedia
LogPluginManager: Mounting plugin ImgMedia
LogPluginManager: Mounting plugin LinearTimecode
LogPluginManager: Mounting plugin MediaCompositing
LogPluginManager: Mounting plugin MediaPlayerEditor
LogPluginManager: Mounting plugin WebMMedia
LogPluginManager: Mounting plugin WmfMedia
LogPluginManager: Mounting plugin TcpMessaging
LogPluginManager: Mounting plugin UdpMessaging
LogPluginManager: Mounting plugin ActorSequence
LogPluginManager: Mounting plugin LevelSequenceEditor
LogPluginManager: Mounting plugin MatineeToLevelSequence
LogPluginManager: Mounting plugin NetcodeUnitTest
LogPluginManager: Mounting plugin NUTUnrealEngine4
LogPluginManager: Mounting plugin OnlineSubsystemGooglePlay
LogPluginManager: Mounting plugin OnlineSubsystemIOS
LogPluginManager: Mounting plugin OnlineSubsystem
LogPluginManager: Mounting plugin OnlineSubsystemNull
LogPluginManager: Mounting plugin OnlineSubsystemUtils
LogPluginManager: Mounting plugin LauncherChunkInstaller
LogPluginManager: Mounting plugin AndroidDeviceProfileSelector
LogPluginManager: Mounting plugin AndroidMoviePlayer
LogPluginManager: Mounting plugin AndroidPermission
LogPluginManager: Mounting plugin AppleMoviePlayer
LogPluginManager: Mounting plugin ArchVisCharacter
LogPluginManager: Mounting plugin AudioCapture
LogPluginManager: Mounting plugin CableComponent
LogPluginManager: Mounting plugin CustomMeshComponent
LogPluginManager: Mounting plugin EditableMesh
LogPluginManager: Mounting plugin ExampleDeviceProfileSelector
LogPluginManager: Mounting plugin Firebase
LogPluginManager: Mounting plugin GoogleCloudMessaging
LogPluginManager: Mounting plugin IOSDeviceProfileSelector
LogPluginManager: Mounting plugin LinuxDeviceProfileSelector
LogPluginManager: Mounting plugin LocationServicesBPLibrary
LogPluginManager: Mounting plugin MobilePatchingUtils
LogPluginManager: Mounting plugin OculusVR
LogPluginManager: Mounting plugin PhysXVehicles
LogPluginManager: Mounting plugin ProceduralMeshComponent
LogPluginManager: Mounting plugin RuntimePhysXCooking
LogPluginManager: Mounting plugin SteamVR
LogPluginManager: Mounting plugin WebMMoviePlayer
LogPluginManager: Mounting plugin WindowsMoviePlayer
LogStreaming: Display: Took  0.561s to configure plugins.
LogInit: Using libcurl 7.55.1-DEV
LogInit:  - built for x86_64-pc-win32
LogInit:  - supports SSL with OpenSSL/1.0.2h
LogInit:  - supports HTTP deflate (compression) using libz 1.2.8
LogInit:  - other features:
LogInit:      CURL_VERSION_SSL
LogInit:      CURL_VERSION_LIBZ
LogInit:      CURL_VERSION_IPV6
LogInit:      CURL_VERSION_ASYNCHDNS
LogInit:      CURL_VERSION_LARGEFILE
LogInit:      CURL_VERSION_IDN
LogInit:  CurlRequestOptions (configurable via config and command line):
LogInit:  - bVerifyPeer = true  - Libcurl will verify peer certificate
LogInit:  - bUseHttpProxy = false  - Libcurl will NOT use HTTP proxy
LogInit:  - bDontReuseConnections = false  - Libcurl will reuse connections
LogInit:  - MaxHostConnections = 16  - Libcurl will limit the number of connections to a host
LogInit:  - LocalHostAddr = Default
LogInit:  - BufferSize = 65536
LogInit: WinSock: version 1.1 (2.2), MaxSocks=32767, MaxUdp=65467
LogInit: Build: ++UE4+Release-4.21-CL-4541578
LogInit: Engine Version: 4.21.0-4541578+++UE4+Release-4.21
LogInit: Compatible Engine Version: 4.21.0-4541578+++UE4+Release-4.21
LogInit: Net CL: 4541578
LogInit: OS: Windows 10 (), CPU: Intel(R) Core(TM) i5-6200U CPU @ 2.30GHz, GPU: Intel(R) HD Graphics 520
LogInit: Compiled (64-bit): Nov  6 2018 02:04:24
LogInit: Compiled with Visual C++: 19.13.26129.00
LogInit: Build Configuration: Development
LogInit: Branch Name: ++UE4+Release-4.21
LogInit: Command Line: 
LogInit: Base Directory: E:/Epic Games/UE_4.21/Engine/Binaries/Win64/
LogInit: Installed Engine Build: 1
LogDevObjectVersion: Number of dev versions registered: 22
LogDevObjectVersion:   Dev-Blueprints (B0D832E4-1F89-4F0D-ACCF-7EB736FD4AA2): 10
LogDevObjectVersion:   Dev-Build (E1C64328-A22C-4D53-A36C-8E866417BD8C): 0
LogDevObjectVersion:   Dev-Core (375EC13C-06E4-48FB-B500-84F0262A717E): 2
LogDevObjectVersion:   Dev-Editor (E4B068ED-F494-42E9-A231-DA0B2E46BB41): 26
LogDevObjectVersion:   Dev-Framework (CFFC743F-43B0-4480-9391-14DF171D2073): 34
LogDevObjectVersion:   Dev-Mobile (B02B49B5-BB20-44E9-A304-32B752E40360): 2
LogDevObjectVersion:   Dev-Networking (A4E4105C-59A1-49B5-A7C5-40C4547EDFEE): 0
LogDevObjectVersion:   Dev-Online (39C831C9-5AE6-47DC-9A44-9C173E1C8E7C): 0
LogDevObjectVersion:   Dev-Physics (78F01B33-EBEA-4F98-B9B4-84EACCB95AA2): 0
LogDevObjectVersion:   Dev-Platform (6631380F-2D4D-43E0-8009-CF276956A95A): 0
LogDevObjectVersion:   Dev-Rendering (12F88B9F-8875-4AFC-A67C-D90C383ABD29): 27
LogDevObjectVersion:   Dev-Sequencer (7B5AE74C-D270-4C10-A958-57980B212A5A): 9
LogDevObjectVersion:   Dev-VR (D7296918-1DD6-4BDD-9DE2-64A83CC13884): 2
LogDevObjectVersion:   Dev-LoadTimes (C2A15278-BFE7-4AFE-6C17-90FF531DF755): 1
LogDevObjectVersion:   Private-Geometry (6EACA3D4-40EC-4CC1-B786-8BED09428FC5): 3
LogDevObjectVersion:   Dev-AnimPhys (29E575DD-E0A3-4627-9D10-D276232CDCEA): 17
LogDevObjectVersion:   Dev-Anim (AF43A65D-7FD3-4947-9873-3E8ED9C1BB05): 2
LogDevObjectVersion:   Dev-ReflectionCapture (6B266CEC-1EC7-4B8F-A30B-E4D90942FC07): 1
LogDevObjectVersion:   Dev-Automation (0DF73D61-A23F-47EA-B727-89E90C41499A): 1
LogDevObjectVersion:   FortniteMain (601D1886-AC64-4F84-AA16-D3DE0DEAC7D6): 17
LogDevObjectVersion:   Dev-Enterprise (9DFFBCD6-494F-0158-E221-12823C92A888): 4
LogDevObjectVersion:   Dev-Niagara (F2AED0AC-9AFE-416F-8664-AA7FFA26D6FC): 1
LogStreaming: Display: Took  0.001s to delete old logs.
LogInit: Presizing for max 8388607 objects, including 0 objects not considered by GC, pre-allocating 0 bytes for permanent pool.
LogInit: Object subsystem initialized
LogConfig: Setting CVar [[con.DebugEarlyDefault:1]]
LogConfig: Setting CVar [[r.setres:1280x720]]
[2018.12.07-18.57.44:948][  0]LogConfig: Setting CVar [[r.VSync:0]]
[2018.12.07-18.57.44:948][  0]LogConfig: Setting CVar [[r.RHICmdBypass:0]]
[2018.12.07-18.57.44:948][  0]LogConfig: Applying CVar settings from Section [/Script/Engine.RendererSettings] File [C:/Users/Prophet!/Documents/Unreal Projects/UnrealRunner Stable/Saved/Config/Windows/Engine.ini]
[2018.12.07-18.57.44:948][  0]LogConfig: Setting CVar [[r.GPUCrashDebugging:0]]
[2018.12.07-18.57.44:948][  0]LogConfig: Setting CVar [[r.MobileHDR:1]]
[2018.12.07-18.57.44:948][  0]LogConfig: Setting CVar [[r.Mobile.DisableVertexFog:1]]
[2018.12.07-18.57.44:948][  0]LogConfig: Setting CVar [[r.Shadow.CSM.MaxMobileCascades:2]]
[2018.12.07-18.57.44:948][  0]LogConfig: Setting CVar [[r.MobileMSAA:1]]
[2018.12.07-18.57.44:948][  0]LogConfig: Setting CVar [[r.Mobile.UseLegacyShadingModel:0]]
[2018.12.07-18.57.44:948][  0]LogConfig: Setting CVar [[r.DiscardUnusedQuality:0]]
[2018.12.07-18.57.44:948][  0]LogConfig: Setting CVar [[r.AllowOcclusionQueries:1]]
[2018.12.07-18.57.44:948][  0]LogConfig: Setting CVar [[r.MinScreenRadiusForLights:0.030000]]
[2018.12.07-18.57.44:949][  0]LogConfig: Setting CVar [[r.MinScreenRadiusForDepthPrepass:0.030000]]
[2018.12.07-18.57.44:949][  0]LogConfig: Setting CVar [[r.MinScreenRadiusForCSMDepth:0.010000]]
[2018.12.07-18.57.44:949][  0]LogConfig: Setting CVar [[r.PrecomputedVisibilityWarning:0]]
[2018.12.07-18.57.44:949][  0]LogConfig: Setting CVar [[r.TextureStreaming:1]]
[2018.12.07-18.57.44:949][  0]LogConfig: Setting CVar [[Compat.UseDXT5NormalMaps:0]]
[2018.12.07-18.57.44:949][  0]LogConfig: Setting CVar [[r.ClearCoatNormal:0]]
[2018.12.07-18.57.44:949][  0]LogConfig: Setting CVar [[r.ReflectionCaptureResolution:128]]
[2018.12.07-18.57.44:949][  0]LogConfig: Setting CVar [[r.ReflectionEnvironmentLightmapMixBasedOnRoughness:1]]
[2018.12.07-18.57.44:949][  0]LogConfig: Setting CVar [[r.ForwardShading:0]]
[2018.12.07-18.57.44:949][  0]LogConfig: Setting CVar [[r.VertexFoggingForOpaque:1]]
[2018.12.07-18.57.44:949][  0]LogConfig: Setting CVar [[r.AllowStaticLighting:1]]
[2018.12.07-18.57.44:949][  0]LogConfig: Setting CVar [[r.NormalMapsForStaticLighting:0]]
[2018.12.07-18.57.44:949][  0]LogConfig: Setting CVar [[r.GenerateMeshDistanceFields:0]]
[2018.12.07-18.57.44:949][  0]LogConfig: Setting CVar [[r.DistanceFieldBuild.EightBit:0]]
[2018.12.07-18.57.44:949][  0]LogConfig: Setting CVar [[r.GenerateLandscapeGIData:0]]
[2018.12.07-18.57.44:949][  0]LogConfig: Setting CVar [[r.DistanceFieldBuild.Compress:0]]
[2018.12.07-18.57.44:949][  0]LogConfig: Setting CVar [[r.TessellationAdaptivePixelsPerTriangle:48.000000]]
[2018.12.07-18.57.44:949][  0]LogConfig: Setting CVar [[r.SeparateTranslucency:0]]
[2018.12.07-18.57.44:949][  0]LogConfig: Setting CVar [[r.TranslucentSortPolicy:0]]
[2018.12.07-18.57.44:949][  0]LogConfig: Setting CVar [[r.CustomDepth:1]]
[2018.12.07-18.57.44:949][  0]LogConfig: Setting CVar [[r.CustomDepthTemporalAAJitter:1]]
[2018.12.07-18.57.44:949][  0]LogConfig: Setting CVar [[r.PostProcessing.PropagateAlpha:0]]
[2018.12.07-18.57.44:949][  0]LogConfig: Setting CVar [[r.DOF.Algorithm:1]]
[2018.12.07-18.57.44:949][  0]LogConfig: Setting CVar [[r.UsePreExposure:0]]
[2018.12.07-18.57.44:949][  0]LogConfig: Setting CVar [[r.DefaultFeature.Bloom:1]]
[2018.12.07-18.57.44:949][  0]LogConfig: Setting CVar [[r.DefaultFeature.AmbientOcclusion:0]]
[2018.12.07-18.57.44:949][  0]LogConfig: Setting CVar [[r.DefaultFeature.AmbientOcclusionStaticFraction:1]]
[2018.12.07-18.57.44:949][  0]LogConfig: Setting CVar [[r.DefaultFeature.AutoExposure:0]]
[2018.12.07-18.57.44:949][  0]LogConfig: Setting CVar [[r.DefaultFeature.AutoExposure.Method:0]]
[2018.12.07-18.57.44:949][  0]LogConfig: Setting CVar [[r.DefaultFeature.MotionBlur:0]]
[2018.12.07-18.57.44:949][  0]LogConfig: Setting CVar [[r.DefaultFeature.LensFlare:0]]
[2018.12.07-18.57.44:949][  0]LogConfig: Setting CVar [[r.TemporalAA.Upsampling:0]]
[2018.12.07-18.57.44:949][  0]LogConfig: Setting CVar [[r.DefaultFeature.AntiAliasing:0]]
[2018.12.07-18.57.44:949][  0]LogConfig: Setting CVar [[r.DefaultBackBufferPixelFormat:4]]
[2018.12.07-18.57.44:950][  0]LogConfig: Setting CVar [[r.Shadow.UnbuiltPreviewInGame:1]]
[2018.12.07-18.57.44:950][  0]LogConfig: Setting CVar [[r.StencilForLODDither:0]]
[2018.12.07-18.57.44:950][  0]LogConfig: Setting CVar [[r.EarlyZPass:3]]
[2018.12.07-18.57.44:950][  0]LogConfig: Setting CVar [[r.EarlyZPassMovable:1]]
[2018.12.07-18.57.44:950][  0]LogConfig: Setting CVar [[r.EarlyZPassOnlyMaterialMasking:0]]
[2018.12.07-18.57.44:950][  0]LogConfig: Setting CVar [[r.DBuffer:1]]
[2018.12.07-18.57.44:950][  0]LogConfig: Setting CVar [[r.ClearSceneMethod:1]]
[2018.12.07-18.57.44:950][  0]LogConfig: Setting CVar [[r.BasePassOutputsVelocity:0]]
[2018.12.07-18.57.44:950][  0]LogConfig: Setting CVar [[r.SelectiveBasePassOutputs:0]]
[2018.12.07-18.57.44:950][  0]LogConfig: Setting CVar [[fx.GPUSimulationTextureSizeX:1024]]
[2018.12.07-18.57.44:950][  0]LogConfig: Setting CVar [[fx.GPUSimulationTextureSizeY:1024]]
[2018.12.07-18.57.44:950][  0]LogConfig: Setting CVar [[r.AllowGlobalClipPlane:0]]
[2018.12.07-18.57.44:950][  0]LogConfig: Setting CVar [[r.GBufferFormat:1]]
[2018.12.07-18.57.44:950][  0]LogConfig: Setting CVar [[r.MorphTarget.Mode:1]]
[2018.12.07-18.57.44:950][  0]LogConfig: Setting CVar [[vr.InstancedStereo:0]]
[2018.12.07-18.57.44:950][  0]LogConfig: Setting CVar [[vr.MultiView:0]]
[2018.12.07-18.57.44:950][  0]LogConfig: Setting CVar [[vr.MobileMultiView:0]]
[2018.12.07-18.57.44:950][  0]LogConfig: Setting CVar [[vr.MobileMultiView.Direct:0]]
[2018.12.07-18.57.44:950][  0]LogConfig: Setting CVar [[vr.MonoscopicFarField:0]]
[2018.12.07-18.57.44:950][  0]LogConfig: Setting CVar [[vr.ODSCapture:0]]
[2018.12.07-18.57.44:950][  0]LogConfig: Setting CVar [[r.WireframeCullThreshold:5.000000]]
[2018.12.07-18.57.44:950][  0]LogConfig: Setting CVar [[r.SupportStationarySkylight:1]]
[2018.12.07-18.57.44:950][  0]LogConfig: Setting CVar [[r.SupportLowQualityLightmaps:1]]
[2018.12.07-18.57.44:950][  0]LogConfig: Setting CVar [[r.SupportPointLightWholeSceneShadows:1]]
[2018.12.07-18.57.44:950][  0]LogConfig: Setting CVar [[r.SupportAtmosphericFog:1]]
[2018.12.07-18.57.44:950][  0]LogConfig: Setting CVar [[r.SkinCache.CompileShaders:0]]
[2018.12.07-18.57.44:950][  0]LogConfig: Setting CVar [[r.Mobile.EnableStaticAndCSMShadowReceivers:1]]
[2018.12.07-18.57.44:950][  0]LogConfig: Setting CVar [[r.Mobile.EnableMovableLightCSMShaderCulling:1]]
[2018.12.07-18.57.44:950][  0]LogConfig: Setting CVar [[r.Mobile.AllowDistanceFieldShadows:1]]
[2018.12.07-18.57.44:950][  0]LogConfig: Setting CVar [[r.Mobile.AllowMovableDirectionalLights:1]]
[2018.12.07-18.57.44:950][  0]LogConfig: Setting CVar [[r.MobileNumDynamicPointLights:4]]
[2018.12.07-18.57.44:950][  0]LogConfig: Setting CVar [[r.MobileDynamicPointLightsUseStaticBranch:1]]
[2018.12.07-18.57.44:951][  0]LogConfig: Setting CVar [[r.SkinCache.SceneMemoryLimitInMB:128.000000]]
[2018.12.07-18.57.44:951][  0]LogConfig: Setting CVar [[r.GPUSkin.Limit2BoneInfluences:0]]
[2018.12.07-18.57.44:951][  0]LogConfig: Setting CVar [[r.SupportDepthOnlyIndexBuffers:1]]
[2018.12.07-18.57.44:951][  0]LogConfig: Setting CVar [[r.SupportReversedIndexBuffers:1]]
[2018.12.07-18.57.44:951][  0]LogConfig: Setting CVar [[r.SupportMaterialLayers:0]]
[2018.12.07-18.57.44:951][  0]LogConfig: Applying CVar settings from Section [/Script/Engine.RendererOverrideSettings] File [C:/Users/Prophet!/Documents/Unreal Projects/UnrealRunner Stable/Saved/Config/Windows/Engine.ini]
[2018.12.07-18.57.44:951][  0]LogConfig: Applying CVar settings from Section [/Script/Engine.StreamingSettings] File [C:/Users/Prophet!/Documents/Unreal Projects/UnrealRunner Stable/Saved/Config/Windows/Engine.ini]
[2018.12.07-18.57.44:951][  0]LogConfig: Setting CVar [[s.MinBulkDataSizeForAsyncLoading:131072]]
[2018.12.07-18.57.44:951][  0]LogConfig: Setting CVar [[s.AsyncLoadingThreadEnabled:0]]
[2018.12.07-18.57.44:951][  0]LogConfig: Setting CVar [[s.EventDrivenLoaderEnabled:1]]
[2018.12.07-18.57.44:951][  0]LogConfig: Setting CVar [[s.WarnIfTimeLimitExceeded:0]]
[2018.12.07-18.57.44:951][  0]LogConfig: Setting CVar [[s.TimeLimitExceededMultiplier:1.5]]
[2018.12.07-18.57.44:951][  0]LogConfig: Setting CVar [[s.TimeLimitExceededMinTime:0.005]]
[2018.12.07-18.57.44:951][  0]LogConfig: Setting CVar [[s.UseBackgroundLevelStreaming:1]]
[2018.12.07-18.57.44:951][  0]LogConfig: Setting CVar [[s.PriorityAsyncLoadingExtraTime:15.0]]
[2018.12.07-18.57.44:951][  0]LogConfig: Setting CVar [[s.LevelStreamingActorsUpdateTimeLimit:5.0]]
[2018.12.07-18.57.44:951][  0]LogConfig: Setting CVar [[s.PriorityLevelStreamingActorsUpdateExtraTime:5.0]]
[2018.12.07-18.57.44:951][  0]LogConfig: Setting CVar [[s.LevelStreamingComponentsRegistrationGranularity:10]]
[2018.12.07-18.57.44:951][  0]LogConfig: Setting CVar [[s.UnregisterComponentsTimeLimit:1.0]]
[2018.12.07-18.57.44:951][  0]LogConfig: Setting CVar [[s.LevelStreamingComponentsUnregistrationGranularity:5]]
[2018.12.07-18.57.44:951][  0]LogConfig: Applying CVar settings from Section [/Script/Engine.GarbageCollectionSettings] File [C:/Users/Prophet!/Documents/Unreal Projects/UnrealRunner Stable/Saved/Config/Windows/Engine.ini]
[2018.12.07-18.57.44:951][  0]LogConfig: Setting CVar [[gc.MaxObjectsNotConsideredByGC:1]]
[2018.12.07-18.57.44:951][  0]LogConfig: Setting CVar [[gc.SizeOfPermanentObjectPool:0]]
[2018.12.07-18.57.44:951][  0]LogConfig: Setting CVar [[gc.FlushStreamingOnGC:0]]
[2018.12.07-18.57.44:951][  0]LogConfig: Setting CVar [[gc.NumRetriesBeforeForcingGC:10]]
[2018.12.07-18.57.44:951][  0]LogConfig: Setting CVar [[gc.AllowParallelGC:1]]
[2018.12.07-18.57.44:951][  0]LogConfig: Setting CVar [[gc.TimeBetweenPurgingPendingKillObjects:61.1]]
[2018.12.07-18.57.44:951][  0]LogConfig: Setting CVar [[gc.MaxObjectsInEditor:8388607]]
[2018.12.07-18.57.44:951][  0]LogConfig: Setting CVar [[gc.IncrementalBeginDestroyEnabled:1]]
[2018.12.07-18.57.44:951][  0]LogConfig: Setting CVar [[gc.CreateGCClusters:1]]
[2018.12.07-18.57.44:951][  0]LogConfig: Setting CVar [[gc.MergeGCClusters:0]]
[2018.12.07-18.57.44:951][  0]LogConfig: Setting CVar [[gc.MinGCClusterSize:5]]
[2018.12.07-18.57.44:951][  0]LogConfig: Setting CVar [[gc.ActorClusteringEnabled:0]]
[2018.12.07-18.57.44:952][  0]LogConfig: Setting CVar [[gc.BlueprintClusteringEnabled:0]]
[2018.12.07-18.57.44:952][  0]LogConfig: Setting CVar [[gc.UseDisregardForGCOnDedicatedServers:0]]
[2018.12.07-18.57.44:952][  0]LogConfig: Applying CVar settings from Section [/Script/Engine.NetworkSettings] File [C:/Users/Prophet!/Documents/Unreal Projects/UnrealRunner Stable/Saved/Config/Windows/Engine.ini]
[2018.12.07-18.57.44:952][  0]LogConfig: Applying CVar settings from Section [/Script/UnrealEd.CookerSettings] File [C:/Users/Prophet!/Documents/Unreal Projects/UnrealRunner Stable/Saved/Config/Windows/Engine.ini]
[2018.12.07-18.57.44:957][  0]LogConfig: Applying CVar settings from Section [ViewDistanceQuality@3] File [C:/Users/Prophet!/Documents/Unreal Projects/UnrealRunner Stable/Saved/Config/Windows/Scalability.ini]
[2018.12.07-18.57.44:957][  0]LogConfig: Setting CVar [[r.SkeletalMeshLODBias:0]]
[2018.12.07-18.57.44:957][  0]LogConfig: Setting CVar [[r.ViewDistanceScale:1.0]]
[2018.12.07-18.57.44:957][  0]LogConfig: Applying CVar settings from Section [AntiAliasingQuality@3] File [C:/Users/Prophet!/Documents/Unreal Projects/UnrealRunner Stable/Saved/Config/Windows/Scalability.ini]
[2018.12.07-18.57.44:957][  0]LogConfig: Setting CVar [[r.PostProcessAAQuality:4]]
[2018.12.07-18.57.44:957][  0]LogConfig: Applying CVar settings from Section [ShadowQuality@3] File [C:/Users/Prophet!/Documents/Unreal Projects/UnrealRunner Stable/Saved/Config/Windows/Scalability.ini]
[2018.12.07-18.57.44:957][  0]LogConfig: Setting CVar [[r.LightFunctionQuality:1]]
[2018.12.07-18.57.44:957][  0]LogConfig: Setting CVar [[r.ShadowQuality:5]]
[2018.12.07-18.57.44:957][  0]LogConfig: Setting CVar [[r.Shadow.CSM.MaxCascades:10]]
[2018.12.07-18.57.44:957][  0]LogConfig: Setting CVar [[r.Shadow.MaxResolution:2048]]
[2018.12.07-18.57.44:957][  0]LogConfig: Setting CVar [[r.Shadow.MaxCSMResolution:2048]]
[2018.12.07-18.57.44:957][  0]LogConfig: Setting CVar [[r.Shadow.RadiusThreshold:0.01]]
[2018.12.07-18.57.44:957][  0]LogConfig: Setting CVar [[r.Shadow.DistanceScale:1.0]]
[2018.12.07-18.57.44:958][  0]LogConfig: Setting CVar [[r.Shadow.CSM.TransitionScale:1.0]]
[2018.12.07-18.57.44:958][  0]LogConfig: Setting CVar [[r.Shadow.PreShadowResolutionFactor:1.0]]
[2018.12.07-18.57.44:958][  0]LogConfig: Setting CVar [[r.DistanceFieldShadowing:1]]
[2018.12.07-18.57.44:958][  0]LogConfig: Setting CVar [[r.DistanceFieldAO:1]]
[2018.12.07-18.57.44:958][  0]LogConfig: Setting CVar [[r.AOQuality:2]]
[2018.12.07-18.57.44:958][  0]LogConfig: Setting CVar [[r.VolumetricFog:1]]
[2018.12.07-18.57.44:958][  0]LogConfig: Setting CVar [[r.VolumetricFog.GridPixelSize:8]]
[2018.12.07-18.57.44:958][  0]LogConfig: Setting CVar [[r.VolumetricFog.GridSizeZ:128]]
[2018.12.07-18.57.44:958][  0]LogConfig: Setting CVar [[r.VolumetricFog.HistoryMissSupersampleCount:4]]
[2018.12.07-18.57.44:958][  0]LogConfig: Setting CVar [[r.LightMaxDrawDistanceScale:1]]
[2018.12.07-18.57.44:958][  0]LogConfig: Setting CVar [[r.CapsuleShadows:1]]
[2018.12.07-18.57.44:958][  0]LogConfig: Applying CVar settings from Section [PostProcessQuality@3] File [C:/Users/Prophet!/Documents/Unreal Projects/UnrealRunner Stable/Saved/Config/Windows/Scalability.ini]
[2018.12.07-18.57.44:958][  0]LogConfig: Setting CVar [[r.MotionBlurQuality:4]]
[2018.12.07-18.57.44:958][  0]LogConfig: Setting CVar [[r.AmbientOcclusionMipLevelFactor:0.4]]
[2018.12.07-18.57.44:958][  0]LogConfig: Setting CVar [[r.AmbientOcclusionMaxQuality:100]]
[2018.12.07-18.57.44:958][  0]LogConfig: Setting CVar [[r.AmbientOcclusionLevels:-1]]
[2018.12.07-18.57.44:958][  0]LogConfig: Setting CVar [[r.AmbientOcclusionRadiusScale:1.0]]
[2018.12.07-18.57.44:958][  0]LogConfig: Setting CVar [[r.DepthOfFieldQuality:2]]
[2018.12.07-18.57.44:958][  0]LogConfig: Setting CVar [[r.RenderTargetPoolMin:400]]
[2018.12.07-18.57.44:958][  0]LogConfig: Setting CVar [[r.LensFlareQuality:2]]
[2018.12.07-18.57.44:958][  0]LogConfig: Setting CVar [[r.SceneColorFringeQuality:1]]
[2018.12.07-18.57.44:958][  0]LogConfig: Setting CVar [[r.EyeAdaptationQuality:2]]
[2018.12.07-18.57.44:958][  0]LogConfig: Setting CVar [[r.BloomQuality:5]]
[2018.12.07-18.57.44:958][  0]LogConfig: Setting CVar [[r.FastBlurThreshold:100]]
[2018.12.07-18.57.44:958][  0]LogConfig: Setting CVar [[r.Upscale.Quality:3]]
[2018.12.07-18.57.44:958][  0]LogConfig: Setting CVar [[r.Tonemapper.GrainQuantization:1]]
[2018.12.07-18.57.44:958][  0]LogConfig: Setting CVar [[r.LightShaftQuality:1]]
[2018.12.07-18.57.44:958][  0]LogConfig: Setting CVar [[r.Filter.SizeScale:1]]
[2018.12.07-18.57.44:958][  0]LogConfig: Setting CVar [[r.Tonemapper.Quality:5]]
[2018.12.07-18.57.44:958][  0]LogConfig: Setting CVar [[r.DOF.Gather.AccumulatorQuality:1        ; higher gathering accumulator quality]]
[2018.12.07-18.57.44:958][  0]LogConfig: Setting CVar [[r.DOF.Gather.PostfilterMethod:1          ; Median3x3 postfilering method]]
[2018.12.07-18.57.44:958][  0]LogConfig: Setting CVar [[r.DOF.Gather.EnableBokehSettings:0       ; no bokeh simulation when gathering]]
[2018.12.07-18.57.44:958][  0]LogConfig: Setting CVar [[r.DOF.Gather.RingCount:4                 ; medium number of samples when gathering]]
[2018.12.07-18.57.44:958][  0]LogConfig: Setting CVar [[r.DOF.Scatter.ForegroundCompositing:1    ; additive foreground scattering]]
[2018.12.07-18.57.44:958][  0]LogConfig: Setting CVar [[r.DOF.Scatter.BackgroundCompositing:2    ; additive background scattering]]
[2018.12.07-18.57.44:958][  0]LogConfig: Setting CVar [[r.DOF.Scatter.EnableBokehSettings:1      ; bokeh simulation when scattering]]
[2018.12.07-18.57.44:958][  0]LogConfig: Setting CVar [[r.DOF.Scatter.MaxSpriteRatio:0.1         ; only a maximum of 10% of scattered bokeh]]
[2018.12.07-18.57.44:958][  0]LogConfig: Setting CVar [[r.DOF.Recombine.Quality:1                ; cheap slight out of focus]]
[2018.12.07-18.57.44:958][  0]LogConfig: Setting CVar [[r.DOF.Recombine.EnableBokehSettings:0    ; no bokeh simulation on slight out of focus]]
[2018.12.07-18.57.44:958][  0]LogConfig: Setting CVar [[r.DOF.TemporalAAQuality:1                ; more stable temporal accumulation]]
[2018.12.07-18.57.44:958][  0]LogConfig: Setting CVar [[r.DOF.Kernel.MaxForegroundRadius:0.025]]
[2018.12.07-18.57.44:958][  0]LogConfig: Setting CVar [[r.DOF.Kernel.MaxBackgroundRadius:0.025]]
[2018.12.07-18.57.44:958][  0]LogConfig: Applying CVar settings from Section [TextureQuality@3] File [C:/Users/Prophet!/Documents/Unreal Projects/UnrealRunner Stable/Saved/Config/Windows/Scalability.ini]
[2018.12.07-18.57.44:958][  0]LogConfig: Setting CVar [[r.Streaming.MipBias:0]]
[2018.12.07-18.57.44:958][  0]LogConfig: Setting CVar [[r.Streaming.AmortizeCPUToGPUCopy:0]]
[2018.12.07-18.57.44:958][  0]LogConfig: Setting CVar [[r.Streaming.MaxNumTexturesToStreamPerFrame:0]]
[2018.12.07-18.57.44:958][  0]LogConfig: Setting CVar [[r.Streaming.Boost:1]]
[2018.12.07-18.57.44:958][  0]LogConfig: Setting CVar [[r.MaxAnisotropy:8]]
[2018.12.07-18.57.44:958][  0]LogConfig: Setting CVar [[r.Streaming.LimitPoolSizeToVRAM:0]]
[2018.12.07-18.57.44:958][  0]LogConfig: Setting CVar [[r.Streaming.PoolSize:1000]]
[2018.12.07-18.57.44:958][  0]LogConfig: Setting CVar [[r.Streaming.MaxEffectiveScreenSize:0]]
[2018.12.07-18.57.44:958][  0]LogConfig: Applying CVar settings from Section [EffectsQuality@3] File [C:/Users/Prophet!/Documents/Unreal Projects/UnrealRunner Stable/Saved/Config/Windows/Scalability.ini]
[2018.12.07-18.57.44:958][  0]LogConfig: Setting CVar [[r.TranslucencyLightingVolumeDim:64]]
[2018.12.07-18.57.44:958][  0]LogConfig: Setting CVar [[r.RefractionQuality:2]]
[2018.12.07-18.57.44:958][  0]LogConfig: Setting CVar [[r.SSR.Quality:3]]
[2018.12.07-18.57.44:958][  0]LogConfig: Setting CVar [[r.SceneColorFormat:4]]
[2018.12.07-18.57.44:958][  0]LogConfig: Setting CVar [[r.DetailMode:2]]
[2018.12.07-18.57.44:959][  0]LogConfig: Setting CVar [[r.TranslucencyVolumeBlur:1]]
[2018.12.07-18.57.44:959][  0]LogConfig: Setting CVar [[r.MaterialQualityLevel:1 ; High quality]]
[2018.12.07-18.57.44:959][  0]LogConfig: Setting CVar [[r.SSS.Scale:1]]
[2018.12.07-18.57.44:959][  0]LogConfig: Setting CVar [[r.SSS.SampleSet:2]]
[2018.12.07-18.57.44:959][  0]LogConfig: Setting CVar [[r.SSS.Quality:1]]
[2018.12.07-18.57.44:959][  0]LogConfig: Setting CVar [[r.SSS.HalfRes:1]]
[2018.12.07-18.57.44:959][  0]LogConfig: Setting CVar [[r.EmitterSpawnRateScale:1.0]]
[2018.12.07-18.57.44:959][  0]LogConfig: Setting CVar [[r.ParticleLightQuality:2]]
[2018.12.07-18.57.44:959][  0]LogConfig: Applying CVar settings from Section [FoliageQuality@3] File [C:/Users/Prophet!/Documents/Unreal Projects/UnrealRunner Stable/Saved/Config/Windows/Scalability.ini]
[2018.12.07-18.57.44:959][  0]LogConfig: Setting CVar [[foliage.DensityScale:1.0]]
[2018.12.07-18.57.44:959][  0]LogConfig: Setting CVar [[grass.DensityScale:1.0]]
[2018.12.07-18.57.44:959][  0]LogInit: Selected Device Profile: [Windows]
[2018.12.07-18.57.44:959][  0]LogInit: Applying CVar settings loaded from the selected device profile: [Windows]
[2018.12.07-18.57.45:003][  0]LogHAL: Display: Platform has ~ 8 GB [8447447040 / 8589934592 / 8], which maps to Default [LargestMinGB=32, LargerMinGB=12, DefaultMinGB=8, SmallerMinGB=6, SmallestMinGB=0)
[2018.12.07-18.57.45:003][  0]LogConfig: Setting CVar [[r.Vulkan.UseRealUBs:1]]
[2018.12.07-18.57.45:003][  0]LogInit: Going up to parent DeviceProfile []
[2018.12.07-18.57.45:003][  0]LogConfig: Applying CVar settings from Section [ViewDistanceQuality@3] File [C:/Users/Prophet!/Documents/Unreal Projects/UnrealRunner Stable/Saved/Config/Windows/Scalability.ini]
[2018.12.07-18.57.45:003][  0]LogConfig: Setting CVar [[r.SkeletalMeshLODBias:0]]
[2018.12.07-18.57.45:003][  0]LogConfig: Setting CVar [[r.ViewDistanceScale:1.0]]
[2018.12.07-18.57.45:003][  0]LogConfig: Applying CVar settings from Section [AntiAliasingQuality@3] File [C:/Users/Prophet!/Documents/Unreal Projects/UnrealRunner Stable/Saved/Config/Windows/Scalability.ini]
[2018.12.07-18.57.45:003][  0]LogConfig: Setting CVar [[r.PostProcessAAQuality:4]]
[2018.12.07-18.57.45:003][  0]LogConfig: Applying CVar settings from Section [ShadowQuality@3] File [C:/Users/Prophet!/Documents/Unreal Projects/UnrealRunner Stable/Saved/Config/Windows/Scalability.ini]
[2018.12.07-18.57.45:003][  0]LogConfig: Setting CVar [[r.LightFunctionQuality:1]]
[2018.12.07-18.57.45:003][  0]LogConfig: Setting CVar [[r.ShadowQuality:5]]
[2018.12.07-18.57.45:003][  0]LogConfig: Setting CVar [[r.Shadow.CSM.MaxCascades:10]]
[2018.12.07-18.57.45:003][  0]LogConfig: Setting CVar [[r.Shadow.MaxResolution:2048]]
[2018.12.07-18.57.45:003][  0]LogConfig: Setting CVar [[r.Shadow.MaxCSMResolution:2048]]
[2018.12.07-18.57.45:003][  0]LogConfig: Setting CVar [[r.Shadow.RadiusThreshold:0.01]]
[2018.12.07-18.57.45:003][  0]LogConfig: Setting CVar [[r.Shadow.DistanceScale:1.0]]
[2018.12.07-18.57.45:003][  0]LogConfig: Setting CVar [[r.Shadow.CSM.TransitionScale:1.0]]
[2018.12.07-18.57.45:003][  0]LogConfig: Setting CVar [[r.Shadow.PreShadowResolutionFactor:1.0]]
[2018.12.07-18.57.45:003][  0]LogConfig: Setting CVar [[r.DistanceFieldShadowing:1]]
[2018.12.07-18.57.45:003][  0]LogConfig: Setting CVar [[r.DistanceFieldAO:1]]
[2018.12.07-18.57.45:003][  0]LogConfig: Setting CVar [[r.AOQuality:2]]
[2018.12.07-18.57.45:003][  0]LogConfig: Setting CVar [[r.VolumetricFog:1]]
[2018.12.07-18.57.45:003][  0]LogConfig: Setting CVar [[r.VolumetricFog.GridPixelSize:8]]
[2018.12.07-18.57.45:004][  0]LogConfig: Setting CVar [[r.VolumetricFog.GridSizeZ:128]]
[2018.12.07-18.57.45:004][  0]LogConfig: Setting CVar [[r.VolumetricFog.HistoryMissSupersampleCount:4]]
[2018.12.07-18.57.45:004][  0]LogConfig: Setting CVar [[r.LightMaxDrawDistanceScale:1]]
[2018.12.07-18.57.45:004][  0]LogConfig: Setting CVar [[r.CapsuleShadows:1]]
[2018.12.07-18.57.45:004][  0]LogConfig: Applying CVar settings from Section [PostProcessQuality@3] File [C:/Users/Prophet!/Documents/Unreal Projects/UnrealRunner Stable/Saved/Config/Windows/Scalability.ini]
[2018.12.07-18.57.45:004][  0]LogConfig: Setting CVar [[r.MotionBlurQuality:4]]
[2018.12.07-18.57.45:004][  0]LogConfig: Setting CVar [[r.AmbientOcclusionMipLevelFactor:0.4]]
[2018.12.07-18.57.45:004][  0]LogConfig: Setting CVar [[r.AmbientOcclusionMaxQuality:100]]
[2018.12.07-18.57.45:004][  0]LogConfig: Setting CVar [[r.AmbientOcclusionLevels:-1]]
[2018.12.07-18.57.45:004][  0]LogConfig: Setting CVar [[r.AmbientOcclusionRadiusScale:1.0]]
[2018.12.07-18.57.45:004][  0]LogConfig: Setting CVar [[r.DepthOfFieldQuality:2]]
[2018.12.07-18.57.45:004][  0]LogConfig: Setting CVar [[r.RenderTargetPoolMin:400]]
[2018.12.07-18.57.45:004][  0]LogConfig: Setting CVar [[r.LensFlareQuality:2]]
[2018.12.07-18.57.45:004][  0]LogConfig: Setting CVar [[r.SceneColorFringeQuality:1]]
[2018.12.07-18.57.45:004][  0]LogConfig: Setting CVar [[r.EyeAdaptationQuality:2]]
[2018.12.07-18.57.45:004][  0]LogConfig: Setting CVar [[r.BloomQuality:5]]
[2018.12.07-18.57.45:004][  0]LogConfig: Setting CVar [[r.FastBlurThreshold:100]]
[2018.12.07-18.57.45:004][  0]LogConfig: Setting CVar [[r.Upscale.Quality:3]]
[2018.12.07-18.57.45:004][  0]LogConfig: Setting CVar [[r.Tonemapper.GrainQuantization:1]]
[2018.12.07-18.57.45:004][  0]LogConfig: Setting CVar [[r.LightShaftQuality:1]]
[2018.12.07-18.57.45:004][  0]LogConfig: Setting CVar [[r.Filter.SizeScale:1]]
[2018.12.07-18.57.45:004][  0]LogConfig: Setting CVar [[r.Tonemapper.Quality:5]]
[2018.12.07-18.57.45:004][  0]LogConfig: Setting CVar [[r.DOF.Gather.AccumulatorQuality:1        ; higher gathering accumulator quality]]
[2018.12.07-18.57.45:004][  0]LogConfig: Setting CVar [[r.DOF.Gather.PostfilterMethod:1          ; Median3x3 postfilering method]]
[2018.12.07-18.57.45:004][  0]LogConfig: Setting CVar [[r.DOF.Gather.EnableBokehSettings:0       ; no bokeh simulation when gathering]]
[2018.12.07-18.57.45:004][  0]LogConfig: Setting CVar [[r.DOF.Gather.RingCount:4                 ; medium number of samples when gathering]]
[2018.12.07-18.57.45:004][  0]LogConfig: Setting CVar [[r.DOF.Scatter.ForegroundCompositing:1    ; additive foreground scattering]]
[2018.12.07-18.57.45:004][  0]LogConfig: Setting CVar [[r.DOF.Scatter.BackgroundCompositing:2    ; additive background scattering]]
[2018.12.07-18.57.45:004][  0]LogConfig: Setting CVar [[r.DOF.Scatter.EnableBokehSettings:1      ; bokeh simulation when scattering]]
[2018.12.07-18.57.45:004][  0]LogConfig: Setting CVar [[r.DOF.Scatter.MaxSpriteRatio:0.1         ; only a maximum of 10% of scattered bokeh]]
[2018.12.07-18.57.45:004][  0]LogConfig: Setting CVar [[r.DOF.Recombine.Quality:1                ; cheap slight out of focus]]
[2018.12.07-18.57.45:004][  0]LogConfig: Setting CVar [[r.DOF.Recombine.EnableBokehSettings:0    ; no bokeh simulation on slight out of focus]]
[2018.12.07-18.57.45:004][  0]LogConfig: Setting CVar [[r.DOF.TemporalAAQuality:1                ; more stable temporal accumulation]]
[2018.12.07-18.57.45:004][  0]LogConfig: Setting CVar [[r.DOF.Kernel.MaxForegroundRadius:0.025]]
[2018.12.07-18.57.45:004][  0]LogConfig: Setting CVar [[r.DOF.Kernel.MaxBackgroundRadius:0.025]]
[2018.12.07-18.57.45:004][  0]LogConfig: Applying CVar settings from Section [TextureQuality@3] File [C:/Users/Prophet!/Documents/Unreal Projects/UnrealRunner Stable/Saved/Config/Windows/Scalability.ini]
[2018.12.07-18.57.45:004][  0]LogConfig: Setting CVar [[r.Streaming.MipBias:0]]
[2018.12.07-18.57.45:004][  0]LogConfig: Setting CVar [[r.Streaming.AmortizeCPUToGPUCopy:0]]
[2018.12.07-18.57.45:004][  0]LogConfig: Setting CVar [[r.Streaming.MaxNumTexturesToStreamPerFrame:0]]
[2018.12.07-18.57.45:004][  0]LogConfig: Setting CVar [[r.Streaming.Boost:1]]
[2018.12.07-18.57.45:004][  0]LogConfig: Setting CVar [[r.MaxAnisotropy:8]]
[2018.12.07-18.57.45:004][  0]LogConfig: Setting CVar [[r.Streaming.LimitPoolSizeToVRAM:0]]
[2018.12.07-18.57.45:004][  0]LogConfig: Setting CVar [[r.Streaming.PoolSize:1000]]
[2018.12.07-18.57.45:004][  0]LogConfig: Setting CVar [[r.Streaming.MaxEffectiveScreenSize:0]]
[2018.12.07-18.57.45:004][  0]LogConfig: Applying CVar settings from Section [EffectsQuality@3] File [C:/Users/Prophet!/Documents/Unreal Projects/UnrealRunner Stable/Saved/Config/Windows/Scalability.ini]
[2018.12.07-18.57.45:004][  0]LogConfig: Setting CVar [[r.TranslucencyLightingVolumeDim:64]]
[2018.12.07-18.57.45:004][  0]LogConfig: Setting CVar [[r.RefractionQuality:2]]
[2018.12.07-18.57.45:004][  0]LogConfig: Setting CVar [[r.SSR.Quality:3]]
[2018.12.07-18.57.45:004][  0]LogConfig: Setting CVar [[r.SceneColorFormat:4]]
[2018.12.07-18.57.45:004][  0]LogConfig: Setting CVar [[r.DetailMode:2]]
[2018.12.07-18.57.45:004][  0]LogConfig: Setting CVar [[r.TranslucencyVolumeBlur:1]]
[2018.12.07-18.57.45:004][  0]LogConfig: Setting CVar [[r.MaterialQualityLevel:1 ; High quality]]
[2018.12.07-18.57.45:004][  0]LogConfig: Setting CVar [[r.SSS.Scale:1]]
[2018.12.07-18.57.45:004][  0]LogConfig: Setting CVar [[r.SSS.SampleSet:2]]
[2018.12.07-18.57.45:004][  0]LogConfig: Setting CVar [[r.SSS.Quality:1]]
[2018.12.07-18.57.45:004][  0]LogConfig: Setting CVar [[r.SSS.HalfRes:1]]
[2018.12.07-18.57.45:004][  0]LogConfig: Setting CVar [[r.EmitterSpawnRateScale:1.0]]
[2018.12.07-18.57.45:004][  0]LogConfig: Setting CVar [[r.ParticleLightQuality:2]]
[2018.12.07-18.57.45:005][  0]LogConfig: Applying CVar settings from Section [FoliageQuality@3] File [C:/Users/Prophet!/Documents/Unreal Projects/UnrealRunner Stable/Saved/Config/Windows/Scalability.ini]
[2018.12.07-18.57.45:005][  0]LogConfig: Setting CVar [[foliage.DensityScale:1.0]]
[2018.12.07-18.57.45:005][  0]LogConfig: Setting CVar [[grass.DensityScale:1.0]]
[2018.12.07-18.57.45:005][  0]LogConfig: Applying CVar settings from Section [Startup] File [../../../Engine/Config/ConsoleVariables.ini]
[2018.12.07-18.57.45:005][  0]LogConfig: Setting CVar [[net.UseAdaptiveNetUpdateFrequency:0]]
[2018.12.07-18.57.45:005][  0]LogConfig: Applying CVar settings from Section [ConsoleVariables] File [C:/Users/Prophet!/Documents/Unreal Projects/UnrealRunner Stable/Saved/Config/Windows/Engine.ini]
[2018.12.07-18.57.45:005][  0]LogInit: Computer: DESKTOP-6K8P8Q4
[2018.12.07-18.57.45:005][  0]LogInit: User: Prophet
[2018.12.07-18.57.45:005][  0]LogInit: CPU Page size=4096, Cores=2
[2018.12.07-18.57.45:005][  0]LogInit: High frequency timer resolution =10.000000 MHz
[2018.12.07-18.57.45:005][  0]LogMemory: Memory total: Physical=7.9GB (8GB approx)
[2018.12.07-18.57.45:005][  0]LogMemory: Platform Memory Stats for Windows
[2018.12.07-18.57.45:005][  0]LogMemory: Process Physical Memory: 103.59 MB used, 103.59 MB peak
[2018.12.07-18.57.45:005][  0]LogMemory: Process Virtual Memory: 92.62 MB used, 92.62 MB peak
[2018.12.07-18.57.45:005][  0]LogMemory: Physical Memory: 5168.85 MB used,  2887.26 MB free, 8056.11 MB total
[2018.12.07-18.57.45:005][  0]LogMemory: Virtual Memory: 4634.08 MB used,  134213096.00 MB free, 134217728.00 MB total
[2018.12.07-18.57.45:042][  0]LogInit: Using OS detected language (en-US).
[2018.12.07-18.57.45:043][  0]LogInit: Using OS detected locale (en-US).
[2018.12.07-18.57.45:044][  0]LogTextLocalizationManager: No specific localization for 'en-US' exists, so the 'en' localization will be used.
[2018.12.07-18.57.45:599][  0]LogStreaming: Display: Took  0.556s to InitEngineTextLocalization.
[2018.12.07-18.57.45:599][  0]LogInit: Setting process to per monitor DPI aware
[2018.12.07-18.57.45:669][  0]LogSlate: New Slate User Created.  User Index 0, Is Virtual User: 0
[2018.12.07-18.57.45:669][  0]LogSlate: Slate User Registered.  User Index 0, Is Virtual User: 0
[2018.12.07-18.57.46:014][  0]LogHMD: Failed to initialize OpenVR with code 110
[2018.12.07-18.57.46:014][  0]LogD3D11RHI: D3D11 adapters:
[2018.12.07-18.57.46:105][  0]LogD3D11RHI:    0. 'NVIDIA GeForce 940MX' (Feature Level 11_0)
[2018.12.07-18.57.46:105][  0]LogD3D11RHI:       2010/0/4028 MB DedicatedVideo/DedicatedSystem/SharedSystem, Outputs:1, VendorId:0x10de
[2018.12.07-18.57.46:117][  0]LogD3D11RHI:    1. 'Intel(R) HD Graphics 520' (Feature Level 11_0)
[2018.12.07-18.57.46:117][  0]LogD3D11RHI:       128/0/4028 MB DedicatedVideo/DedicatedSystem/SharedSystem, Outputs:0, VendorId:0x8086
[2018.12.07-18.57.46:121][  0]LogD3D11RHI:    2. 'Microsoft Basic Render Driver' (Feature Level 11_0)
[2018.12.07-18.57.46:121][  0]LogD3D11RHI:       0/0/4028 MB DedicatedVideo/DedicatedSystem/SharedSystem, Outputs:0, VendorId:0x1414
[2018.12.07-18.57.46:121][  0]LogD3D11RHI: Chosen D3D11 Adapter: 0
[2018.12.07-18.57.46:170][  0]LogD3D11RHI: Creating new Direct3DDevice
[2018.12.07-18.57.46:170][  0]LogD3D11RHI:     GPU DeviceId: 0x134d (for the marketing name, search the web for "GPU Device Id")
[2018.12.07-18.57.46:170][  0]LogWindows: EnumDisplayDevices:
[2018.12.07-18.57.46:170][  0]LogWindows:    0. 'Intel(R) HD Graphics 520' (P:1 D:1)
[2018.12.07-18.57.46:170][  0]LogWindows:    1. 'Intel(R) HD Graphics 520' (P:0 D:0)
[2018.12.07-18.57.46:171][  0]LogWindows:    2. 'Intel(R) HD Graphics 520' (P:0 D:0)
[2018.12.07-18.57.46:171][  0]LogWindows: DebugString: PrimaryIsNotTheChoosenAdapter PrimaryIsNotTheChoosenAdapter PrimaryIsNotTheChoosenAdapter FoundDriverCount:0 
[2018.12.07-18.57.46:171][  0]LogD3D11RHI:     Adapter Name: NVIDIA GeForce 940MX
[2018.12.07-18.57.46:171][  0]LogD3D11RHI:   Driver Version: Unknown (internal:Unknown, unified:Unknown)
[2018.12.07-18.57.46:171][  0]LogD3D11RHI:      Driver Date: Unknown
[2018.12.07-18.57.46:171][  0]LogRHI: Texture pool is 1407 MB (70% of 2010 MB)
[2018.12.07-18.57.46:238][  0]LogD3D11RHI: Async texture creation enabled
[2018.12.07-18.57.46:259][  0]LogD3D11RHI: GPU Timing Frequency: 1000.000000 (Debug: 2 2)
[2018.12.07-18.57.46:848][  0]LogTemp: Display: Loaded TP AllDesktopTargetPlatform
[2018.12.07-18.57.46:872][  0]LogTemp: Display: Loaded TP MacClientTargetPlatform
[2018.12.07-18.57.46:890][  0]LogTemp: Display: Loaded TP MacNoEditorTargetPlatform
[2018.12.07-18.57.46:910][  0]LogTemp: Display: Loaded TP MacServerTargetPlatform
[2018.12.07-18.57.46:932][  0]LogTemp: Display: Loaded TP MacTargetPlatform
[2018.12.07-18.57.46:955][  0]LogTemp: Display: Loaded TP WindowsClientTargetPlatform
[2018.12.07-18.57.46:973][  0]LogTemp: Display: Loaded TP WindowsNoEditorTargetPlatform
[2018.12.07-18.57.46:995][  0]LogTemp: Display: Loaded TP WindowsServerTargetPlatform
[2018.12.07-18.57.47:006][  0]LogTemp: Display: Loaded TP WindowsTargetPlatform
[2018.12.07-18.57.47:123][  0]LogTemp: Display: Loaded TP AndroidTargetPlatform
[2018.12.07-18.57.47:123][  0]LogTemp: Display: Loaded TP AndroidTargetPlatform
[2018.12.07-18.57.47:123][  0]LogTemp: Display: Loaded TP AndroidTargetPlatform
[2018.12.07-18.57.47:123][  0]LogTemp: Display: Loaded TP AndroidTargetPlatform
[2018.12.07-18.57.47:123][  0]LogTemp: Display: Loaded TP AndroidTargetPlatform
[2018.12.07-18.57.47:123][  0]LogTemp: Display: Loaded TP AndroidTargetPlatform
[2018.12.07-18.57.47:123][  0]LogTemp: Display: Loaded TP AndroidTargetPlatform
[2018.12.07-18.57.47:123][  0]LogTemp: Display: Loaded TP AndroidTargetPlatform
[2018.12.07-18.57.47:123][  0]LogTemp: Display: Loaded TP AndroidTargetPlatform
[2018.12.07-18.57.47:123][  0]LogTemp: Display: Loaded TP AndroidTargetPlatform
[2018.12.07-18.57.47:123][  0]LogTemp: Display: Loaded TP AndroidTargetPlatform
[2018.12.07-18.57.47:123][  0]LogTemp: Display: Loaded TP AndroidTargetPlatform
[2018.12.07-18.57.47:123][  0]LogTemp: Display: Loaded TP AndroidTargetPlatform
[2018.12.07-18.57.47:123][  0]LogTemp: Display: Loaded TP AndroidTargetPlatform
[2018.12.07-18.57.47:123][  0]LogTemp: Display: Loaded TP AndroidTargetPlatform
[2018.12.07-18.57.47:123][  0]LogTemp: Display: Loaded TP AndroidTargetPlatform
[2018.12.07-18.57.47:123][  0]LogTemp: Display: Loaded TP AndroidTargetPlatform
[2018.12.07-18.57.47:123][  0]LogTemp: Display: Loaded TP AndroidTargetPlatform
[2018.12.07-18.57.47:126][  0]LogTemp: Display: Loaded TP HTML5TargetPlatform
[2018.12.07-18.57.47:202][  0]LogTemp: Display: Loaded TP IOSTargetPlatform
[2018.12.07-18.57.47:202][  0]LogTemp: Display: Loaded TP IOSTargetPlatform
[2018.12.07-18.57.47:238][  0]LogTemp: Display: Loaded TP TVOSTargetPlatform
[2018.12.07-18.57.47:238][  0]LogTemp: Display: Loaded TP TVOSTargetPlatform
[2018.12.07-18.57.47:260][  0]LogTemp: Display: Loaded TP LinuxClientTargetPlatform
[2018.12.07-18.57.47:277][  0]LogTemp: Display: Loaded TP LinuxNoEditorTargetPlatform
[2018.12.07-18.57.47:295][  0]LogTemp: Display: Loaded TP LinuxServerTargetPlatform
[2018.12.07-18.57.47:317][  0]LogTemp: Display: Loaded TP LinuxTargetPlatform
[2018.12.07-18.57.47:398][  0]LogTemp: Display: Loaded TP LuminTargetPlatform
[2018.12.07-18.57.47:398][  0]LogTemp: Display: Loaded TP LuminTargetPlatform
[2018.12.07-18.57.47:398][  0]LogTargetPlatformManager: Display: Building Assets For Windows
[2018.12.07-18.57.47:489][  0]LogShaderCompilers: Guid format shader working directory is -15 characters bigger than the processId version (C:/Users/Prophet!/Documents/Unreal Projects/UnrealRunner Stable/Intermediate/Shaders/WorkingDirectory/13080/).
[2018.12.07-18.57.47:490][  0]LogShaderCompilers: Cleaned the shader compiler working directory 'C:/Users/Prophet!/AppData/Local/Temp/UnrealShaderWorkingDir/C1CE06794F16E7947893938B5A1B0FC5/'.
[2018.12.07-18.57.47:491][  0]LogXGEController: Cannot use XGE Controller as Incredibuild is not installed on this machine.
[2018.12.07-18.57.47:492][  0]LogShaderCompilers: Cannot use XGE Shader Compiler as Incredibuild is not installed on this machine.
[2018.12.07-18.57.47:492][  0]LogShaderCompilers: Display: Using Local Shader Compiler.
[2018.12.07-18.57.48:265][  0]LogDerivedDataCache: Display: Max Cache Size: 512 MB
[2018.12.07-18.57.48:328][  0]LogDerivedDataCache: Loaded boot cache 0.06s 71MB C:/Users/Prophet!/AppData/Local/UnrealEngine/4.21/DerivedDataCache/Boot.ddc.
[2018.12.07-18.57.48:329][  0]LogDerivedDataCache: Display: Loaded Boot cache: C:/Users/Prophet!/AppData/Local/UnrealEngine/4.21/DerivedDataCache/Boot.ddc
[2018.12.07-18.57.48:329][  0]LogDerivedDataCache: FDerivedDataBackendGraph:  Pak pak cache file C:/Users/Prophet!/Documents/Unreal Projects/UnrealRunner Stable/DerivedDataCache/DDC.ddp not found, will not use a pak cache.
[2018.12.07-18.57.48:329][  0]LogDerivedDataCache: Unable to find inner node Pak for hierarchical cache Hierarchy.
[2018.12.07-18.57.48:329][  0]LogDerivedDataCache: FDerivedDataBackendGraph:  CompressedPak pak cache file C:/Users/Prophet!/Documents/Unreal Projects/UnrealRunner Stable/DerivedDataCache/Compressed.ddp not found, will not use a pak cache.
[2018.12.07-18.57.48:329][  0]LogDerivedDataCache: Unable to find inner node CompressedPak for hierarchical cache Hierarchy.
[2018.12.07-18.57.48:349][  0]LogDerivedDataCache: Display: Pak cache opened for reading ../../../Engine/DerivedDataCache/Compressed.ddp.
[2018.12.07-18.57.48:353][  0]LogDerivedDataCache: Display: Pak cache opened for reading ../../../Enterprise/DerivedDataCache/Compressed.ddp.
[2018.12.07-18.57.48:366][  0]LogDerivedDataCache: Using Local data cache path C:/Users/Prophet!/AppData/Local/UnrealEngine/Common/DerivedDataCache: Writable
[2018.12.07-18.57.48:366][  0]LogDerivedDataCache: Shared data cache path not found in *engine.ini, will not use an Shared cache.
[2018.12.07-18.57.48:366][  0]LogDerivedDataCache: Unable to find inner node Shared for hierarchical cache Hierarchy.
[2018.12.07-18.57.48:405][  0]LogMaterial: Verifying Global Shaders for PCD3D_SM5
[2018.12.07-18.57.48:407][  0]LogSlate: Using FreeType 2.6.0
[2018.12.07-18.57.48:408][  0]LogSlate: SlateFontServices - WITH_FREETYPE: 1, WITH_HARFBUZZ: 1
[2018.12.07-18.57.48:518][  0]LogAssetRegistry: FAssetRegistry took 0.0391 seconds to start up
[2018.12.07-18.57.49:029][  0]LogInit: Selected Device Profile: [Windows]
[2018.12.07-18.57.49:142][  0]LogSimplygon: Simplygon DLL not present - disabling.
[2018.12.07-18.57.49:148][  0]LogMeshReduction: Using SimplygonSwarm for distributed automatic mesh merging
[2018.12.07-18.57.49:148][  0]LogMeshReduction: Using ProxyLODMeshReduction for automatic mesh merging
[2018.12.07-18.57.49:148][  0]LogMeshReduction: Using QuadricMeshReduction for automatic static mesh reduction
[2018.12.07-18.57.49:148][  0]LogMeshReduction: No automatic skeletal mesh reduction module available
[2018.12.07-18.57.49:289][  0]LogNetVersion: UnrealRunner 1.0.0, NetCL: 4541578, EngineNetVer: 5, GameNetVer: 0 (Checksum: 1542739879)
[2018.12.07-18.57.50:076][  0]LogPackageLocalizationCache: Processed 11 localized package path(s) for 2 prioritized culture(s) in 0.182107 seconds
[2018.12.07-18.57.50:085][  0]LogUObjectArray: 39775 objects as part of root set at end of initial load.
[2018.12.07-18.57.50:085][  0]LogUObjectAllocator: 6914656 out of 0 bytes used by permanent object pool.
[2018.12.07-18.57.50:085][  0]LogUObjectArray: CloseDisregardForGC: 0/0 objects in disregard for GC pool
[2018.12.07-18.57.51:277][  0]LogTcpMessaging: Initializing TcpMessaging bridge
[2018.12.07-18.57.51:292][  0]LogUdpMessaging: Initializing bridge on interface 0.0.0.0:0 to multicast group 230.0.0.1:6666.
[2018.12.07-18.57.52:186][  0]SourceControl: Source control is disabled
[2018.12.07-18.57.52:186][  0]SourceControl: Source control is disabled
[2018.12.07-18.57.52:189][  0]SourceControl: Source control is disabled
[2018.12.07-18.57.52:190][  0]SourceControl: Source control is disabled
[2018.12.07-18.57.52:443][  0]LogAndroidPermission: UAndroidPermissionCallbackProxy::GetInstance
[2018.12.07-18.57.52:534][  0]LogOcInput: OculusInput pre-init called
[2018.12.07-18.57.52:689][  0]LogEngine: Initializing Engine...
[2018.12.07-18.57.52:689][  0]LogHMD: Failed to initialize OpenVR with code 110
[2018.12.07-18.57.52:691][  0]LogStats: UGameplayTagsManager::ConstructGameplayTagTree: ImportINI prefixes -  0.000 s
[2018.12.07-18.57.52:691][  0]LogStats: UGameplayTagsManager::ConstructGameplayTagTree: Construct from data asset -  0.000 s
[2018.12.07-18.57.52:691][  0]LogStats: UGameplayTagsManager::ConstructGameplayTagTree: ImportINI -  0.000 s
[2018.12.07-18.57.52:691][  0]LogStats: UGameplayTagsManager::ConstructGameplayTagTree: GameplayTagTreeChangedEvent.Broadcast -  0.000 s
[2018.12.07-18.57.53:000][  0]LogInit: Initializing FReadOnlyCVARCache
[2018.12.07-18.57.53:015][  0]LogAIModule: Creating AISystem for world Untitled
[2018.12.07-18.57.53:043][  0]LogInit: XAudio2 using 'Speakers (Realtek High Definition Audio)' : 2 channels at 48 kHz using 32 bits per sample (channel mask 0x3)
[2018.12.07-18.57.53:156][  0]LogInit: FAudioDevice initialized.
[2018.12.07-18.57.53:156][  0]LogNetVersion: Set ProjectVersion to 1.0.0.0. Version Checksum will be recalculated on next use.
[2018.12.07-18.57.53:297][  0]LogDerivedDataCache: Saved boot cache 0.14s 71MB C:/Users/Prophet!/AppData/Local/UnrealEngine/4.21/DerivedDataCache/Boot.ddc.
[2018.12.07-18.57.53:312][  0]LogInit: Texture streaming: Enabled
[2018.12.07-18.57.53:331][  0]LogEngineSessionManager: EngineSessionManager initialized
[2018.12.07-18.57.53:345][  0]LogInit: Transaction tracking system initialized
[2018.12.07-18.57.53:373][  0]BlueprintLog: New page: Editor Load
[2018.12.07-18.57.53:460][  0]LocalizationService: Localization service is disabled
[2018.12.07-18.57.54:139][  0]LogFileCache: Scanning file cache for directory 'C:/Users/Prophet!/Documents/Unreal Projects/UnrealRunner Stable/Content/' took 0.04s
[2018.12.07-18.57.54:139][  0]LogCook: Display: Max memory allowance for cook 16384mb min free memory 0mb
[2018.12.07-18.57.54:139][  0]LogCook: Display: Mobile HDR setting 1
[2018.12.07-18.57.54:139][  0]LogGameplayTags: Display: UGameplayTagsManager::DoneAddingNativeTags. DelegateIsBound: 0
[2018.12.07-18.57.54:139][  0]LogStats: UGameplayTagsManager::ConstructGameplayTagTree: ImportINI prefixes -  0.000 s
[2018.12.07-18.57.54:139][  0]LogStats: UGameplayTagsManager::ConstructGameplayTagTree: Construct from data asset -  0.000 s
[2018.12.07-18.57.54:140][  0]LogStats: UGameplayTagsManager::ConstructGameplayTagTree: ImportINI -  0.000 s
[2018.12.07-18.57.54:140][  0]LogStats: UGameplayTagsManager::ConstructGameplayTagTree: GameplayTagTreeChangedEvent.Broadcast -  0.000 s
[2018.12.07-18.57.54:298][  0]SourceControl: Source control is disabled
[2018.12.07-18.57.54:298][  0]Cmd: MAP LOAD FILE="C:/Users/Prophet!/Documents/Unreal Projects/UnrealRunner Stable/Content/ThirdPersonBP/Maps/RunnerLevel.umap" TEMPLATE=0 SHOWPROGRESS=1 FEATURELEVEL=3
[2018.12.07-18.57.54:298][  0]LightingResults: New page: Lighting Build
[2018.12.07-18.57.54:300][  0]MapCheck: New page: Map Check
[2018.12.07-18.57.54:300][  0]LightingResults: New page: Lighting Build
[2018.12.07-18.57.54:543][  0]LogAIModule: Creating AISystem for world RunnerLevel
[2018.12.07-18.57.54:551][  0]LogEditorServer: Finished looking for orphan Actors (0.000 secs)
[2018.12.07-18.57.54:576][  0]Cmd: MAP CHECKDEP NOCLEARLOG
[2018.12.07-18.57.54:577][  0]MapCheck: Map check complete: 0 Error(s), 0 Warning(s), took 0.382ms to complete.
[2018.12.07-18.57.54:577][  0]LogFileHelpers: Loading map 'RunnerLevel' took 0.279
[2018.12.07-18.57.54:836][  0]LogSlate: Updating window title bar state: overlay mode, drag disabled, window buttons hidden, title bar hidden
[2018.12.07-18.57.54:854][  0]LogSlate: Updating window title bar state: overlay mode, drag disabled, window buttons hidden, title bar hidden
[2018.12.07-18.57.54:872][  0]LogSlate: Updating window title bar state: overlay mode, drag disabled, window buttons hidden, title bar hidden
[2018.12.07-18.57.54:888][  0]LogSlate: Updating window title bar state: overlay mode, drag disabled, window buttons hidden, title bar hidden
[2018.12.07-18.57.54:923][  0]LogCollectionManager: Loaded 0 collections in 0.002826 seconds
[2018.12.07-18.57.54:944][  0]LogFileCache: Scanning file cache for directory 'C:/Users/Prophet!/Documents/Unreal Projects/UnrealRunner Stable/Saved/Collections/' took 0.01s
[2018.12.07-18.57.54:944][  0]LogFileCache: Scanning file cache for directory 'C:/Users/Prophet!/Documents/Unreal Projects/UnrealRunner Stable/Content/Developers/Prophet/Collections/' took 0.00s
[2018.12.07-18.57.54:944][  0]LogFileCache: Scanning file cache for directory 'C:/Users/Prophet!/Documents/Unreal Projects/UnrealRunner Stable/Content/Collections/' took 0.00s
[2018.12.07-18.57.54:944][  0]LogCollectionManager: Rebuilt the GUID cache for 0 collections in 0.000000 seconds
[2018.12.07-18.57.54:966][  0]LogContentBrowser: Native class hierarchy populated in 0.0219 seconds. Added 2651 classes and 620 folders.
[2018.12.07-18.57.54:974][  0]LogContentBrowser: Native class hierarchy updated for 'WidgetCarousel' in 0.0005 seconds. Added 0 classes and 0 folders.
[2018.12.07-18.57.55:453][  0]LogPakFile: Registered encryption key '00000000000000000000000000000000': 0 pak files mounted, 0 remain pending
[2018.12.07-18.57.55:609][  0]LogPakFile: Registered encryption key '00000000000000000000000000000000': 0 pak files mounted, 0 remain pending
[2018.12.07-18.57.55:686][  0]LogPakFile: Registered encryption key '00000000000000000000000000000000': 0 pak files mounted, 0 remain pending
[2018.12.07-18.57.55:754][  0]LogPakFile: Registered encryption key '00000000000000000000000000000000': 0 pak files mounted, 0 remain pending
[2018.12.07-18.57.55:774][  0]LogPakFile: Registered encryption key '00000000000000000000000000000000': 0 pak files mounted, 0 remain pending
[2018.12.07-18.57.56:400][  0]LogPakFile: Registered encryption key '00000000000000000000000000000000': 0 pak files mounted, 0 remain pending
[2018.12.07-18.57.56:755][  0]LogPakFile: Registered encryption key '00000000000000000000000000000000': 0 pak files mounted, 0 remain pending
[2018.12.07-18.57.56:774][  0]LogPakFile: Registered encryption key '00000000000000000000000000000000': 0 pak files mounted, 0 remain pending
[2018.12.07-18.57.56:784][  0]LogPakFile: Registered encryption key '00000000000000000000000000000000': 0 pak files mounted, 0 remain pending
[2018.12.07-18.57.56:795][  0]LogPakFile: Registered encryption key '00000000000000000000000000000000': 0 pak files mounted, 0 remain pending
[2018.12.07-18.57.56:804][  0]LogPakFile: Registered encryption key '00000000000000000000000000000000': 0 pak files mounted, 0 remain pending
[2018.12.07-18.57.56:895][  0]LogPakFile: Registered encryption key '00000000000000000000000000000000': 0 pak files mounted, 0 remain pending
[2018.12.07-18.57.56:906][  0]LogPakFile: Registered encryption key '00000000000000000000000000000000': 0 pak files mounted, 0 remain pending
[2018.12.07-18.57.56:915][  0]LogPakFile: Registered encryption key '00000000000000000000000000000000': 0 pak files mounted, 0 remain pending
[2018.12.07-18.57.56:925][  0]LogPakFile: Registered encryption key '00000000000000000000000000000000': 0 pak files mounted, 0 remain pending
[2018.12.07-18.57.56:934][  0]LogPakFile: Registered encryption key '00000000000000000000000000000000': 0 pak files mounted, 0 remain pending
[2018.12.07-18.57.57:021][  0]LogPakFile: Registered encryption key '00000000000000000000000000000000': 0 pak files mounted, 0 remain pending
[2018.12.07-18.57.57:030][  0]LogPakFile: Registered encryption key '00000000000000000000000000000000': 0 pak files mounted, 0 remain pending
[2018.12.07-18.57.57:038][  0]LogPakFile: Registered encryption key '00000000000000000000000000000000': 0 pak files mounted, 0 remain pending
[2018.12.07-18.57.57:048][  0]LogPakFile: Registered encryption key '00000000000000000000000000000000': 0 pak files mounted, 0 remain pending
[2018.12.07-18.57.57:116][  0]LogPakFile: Registered encryption key '00000000000000000000000000000000': 0 pak files mounted, 0 remain pending
[2018.12.07-18.57.57:125][  0]LogPakFile: Registered encryption key '00000000000000000000000000000000': 0 pak files mounted, 0 remain pending
[2018.12.07-18.57.57:136][  0]LogPakFile: Registered encryption key '00000000000000000000000000000000': 0 pak files mounted, 0 remain pending
[2018.12.07-18.57.57:146][  0]LogPakFile: Registered encryption key '00000000000000000000000000000000': 0 pak files mounted, 0 remain pending
[2018.12.07-18.57.57:155][  0]LogPakFile: Registered encryption key '00000000000000000000000000000000': 0 pak files mounted, 0 remain pending
[2018.12.07-18.57.57:163][  0]LogPakFile: Registered encryption key '00000000000000000000000000000000': 0 pak files mounted, 0 remain pending
[2018.12.07-18.57.57:173][  0]LogPakFile: Registered encryption key '00000000000000000000000000000000': 0 pak files mounted, 0 remain pending
[2018.12.07-18.57.57:203][  0]LogPakFile: Registered encryption key '00000000000000000000000000000000': 0 pak files mounted, 0 remain pending
[2018.12.07-18.57.57:948][  0]LogContentBrowser: Native class hierarchy updated for 'AddContentDialog' in 0.0003 seconds. Added 0 classes and 0 folders.
[2018.12.07-18.57.57:974][  0]LogContentBrowser: Native class hierarchy updated for 'SceneOutliner' in 0.0003 seconds. Added 1 classes and 2 folders.
[2018.12.07-18.57.57:992][  0]LogSlate: Took 0.000254 seconds to synchronously load lazily loaded font '../../../Engine/Content/Slate/Fonts/Roboto-Regular.ttf' (155K)
[2018.12.07-18.57.57:995][  0]LogSlate: Took 0.000226 seconds to synchronously load lazily loaded font '../../../Engine/Content/Slate/Fonts/Roboto-Bold.ttf' (160K)
[2018.12.07-18.57.58:033][  0]LogSlate: Took 0.026085 seconds to synchronously load lazily loaded font '../../../Engine/Content/Editor/Slate/Fonts/FontAwesome.ttf' (139K)
[2018.12.07-18.57.58:177][  0]LogRenderer: Reallocating scene render targets to support 1208x576 Format 10 NumSamples 1 (Frame:1).
[2018.12.07-18.57.58:434][  0]LogContentBrowser: Native class hierarchy updated for 'HierarchicalLODOutliner' in 0.0004 seconds. Added 0 classes and 0 folders.
[2018.12.07-18.57.58:434][  0]LogLoad: (Engine Initialization) Total time: 16.76 seconds
[2018.12.07-18.57.58:434][  0]LogLoad: (Engine Initialization) Total Blueprint compile time: 0.00 seconds
[2018.12.07-18.57.58:515][  0]LogContentStreaming: Texture pool size now 1000 MB
[2018.12.07-18.57.58:938][  2]LogAssetRegistry: Asset discovery search completed in 10.4442 seconds
[2018.12.07-18.57.58:941][  2]LogCollectionManager: Rebuilt the object cache for 0 collections in 0.000001 seconds (found 0 objects)
[2018.12.07-18.57.58:941][  2]LogCollectionManager: Fixed up redirectors for 0 collections in 0.000096 seconds (updated 0 objects)
[2018.12.07-18.58.02:660][218]LogSlate: Took 0.080604 seconds to synchronously load lazily loaded font '../../../Engine/Content/Slate/Fonts/Roboto-Light.ttf' (167K)
[2018.12.07-18.58.16:803][ 51]LogSlate: FSceneViewport::OnFocusLost() reason 0
[2018.12.07-18.58.16:892][ 56]LogTemp: Repeating last play command: Selected Viewport
[2018.12.07-18.58.16:910][ 56]LogBlueprintUserMessages: Early PlayInEditor Detection: Level '/Game/ThirdPersonBP/Maps/RunnerLevel.RunnerLevel:PersistentLevel' has LevelScriptBlueprint '/Game/ThirdPersonBP/Maps/RunnerLevel.RunnerLevel:PersistentLevel.RunnerLevel' with GeneratedClass '/Game/ThirdPersonBP/Maps/RunnerLevel.RunnerLevel_C' with ClassGeneratedBy '/Game/ThirdPersonBP/Maps/RunnerLevel.RunnerLevel:PersistentLevel.RunnerLevel'
[2018.12.07-18.58.16:910][ 56]LogPlayLevel: PlayLevel: No blueprints needed recompiling
[2018.12.07-18.58.16:911][ 56]PIE: New page: PIE session: RunnerLevel (Dec 8, 2018, 6:58:16 AM)
[2018.12.07-18.58.16:925][ 56]LogPlayLevel: Creating play world package: /Game/ThirdPersonBP/Maps/UEDPIE_0_RunnerLevel
[2018.12.07-18.58.16:929][ 56]LogPlayLevel: PIE: StaticDuplicateObject took: (0.003551s)
[2018.12.07-18.58.16:930][ 56]LogAIModule: Creating AISystem for world RunnerLevel
[2018.12.07-18.58.16:930][ 56]LogPlayLevel: PIE: World Init took: (0.001114s)
[2018.12.07-18.58.16:930][ 56]LogPlayLevel: PIE: Created PIE world by copying editor world from /Game/ThirdPersonBP/Maps/RunnerLevel.RunnerLevel to /Game/ThirdPersonBP/Maps/UEDPIE_0_RunnerLevel.RunnerLevel (0.005103s)
[2018.12.07-18.58.16:957][ 56]LogInit: XAudio2 using 'Speakers (Realtek High Definition Audio)' : 2 channels at 48 kHz using 32 bits per sample (channel mask 0x3)
[2018.12.07-18.58.17:053][ 56]LogInit: FAudioDevice initialized.
[2018.12.07-18.58.20:002][ 56]LogLoad: Game class is 'ThirdPersonGameMode_C'
[2018.12.07-18.58.20:004][ 56]LogWorld: Bringing World /Game/ThirdPersonBP/Maps/UEDPIE_0_RunnerLevel.RunnerLevel up for play (max tick rate 60) at 2018.12.08-00.58.20
[2018.12.07-18.58.20:004][ 56]LogWorld: Bringing up level for play took: 0.000616
[2018.12.07-18.58.20:021][ 56]LogContentBrowser: Native class hierarchy updated for 'MovieSceneCapture' in 0.0004 seconds. Added 20 classes and 0 folders.
[2018.12.07-18.58.20:036][ 56]PIE: Play in editor start time for /Game/ThirdPersonBP/Maps/UEDPIE_0_RunnerLevel 3.726
[2018.12.07-18.58.20:036][ 56]LogBlueprintUserMessages: Late PlayInEditor Detection: Level '/Game/ThirdPersonBP/Maps/RunnerLevel.RunnerLevel:PersistentLevel' has LevelScriptBlueprint '/Game/ThirdPersonBP/Maps/RunnerLevel.RunnerLevel:PersistentLevel.RunnerLevel' with GeneratedClass '/Game/ThirdPersonBP/Maps/RunnerLevel.RunnerLevel_C' with ClassGeneratedBy '/Game/ThirdPersonBP/Maps/RunnerLevel.RunnerLevel:PersistentLevel.RunnerLevel'
[2018.12.07-18.58.20:177][ 57]LogCharacterMovement: Warning: GetSimulationTimeStep() - Max iterations 8 hit while remaining time 0.073853 > MaxSimulationTimeStep (0.050) for 'ThirdPersonCharacter_C_0', movement 'Walking'
[2018.12.07-18.58.25:733][359]LogBlueprintUserMessages: [Magnet_Pickup_C_0] Magnet Active
[2018.12.07-18.58.35:725][929]LogBlueprintUserMessages: [Magnet_Pickup_C_0] Magnet Inactive
[2018.12.07-18.58.47:136][580]LogSlate: FSceneViewport::OnFocusLost() reason 0
[2018.12.07-18.58.47:197][583]LogBlueprintUserMessages: Early EndPlayMap Detection: Level '/Game/ThirdPersonBP/Maps/RunnerLevel.RunnerLevel:PersistentLevel' has LevelScriptBlueprint '/Game/ThirdPersonBP/Maps/RunnerLevel.RunnerLevel:PersistentLevel.RunnerLevel' with GeneratedClass '/Game/ThirdPersonBP/Maps/RunnerLevel.RunnerLevel_C' with ClassGeneratedBy '/Game/ThirdPersonBP/Maps/RunnerLevel.RunnerLevel:PersistentLevel.RunnerLevel'
[2018.12.07-18.58.47:197][583]LogSlate: Updating window title bar state: overlay mode, drag disabled, window buttons hidden, title bar hidden
[2018.12.07-18.58.47:240][583]LogPlayLevel: Display: Shutting down PIE online subsystems
[2018.12.07-18.58.47:240][583]LogBlueprintUserMessages: Late EndPlayMap Detection: Level '/Game/ThirdPersonBP/Maps/RunnerLevel.RunnerLevel:PersistentLevel' has LevelScriptBlueprint '/Game/ThirdPersonBP/Maps/RunnerLevel.RunnerLevel:PersistentLevel.RunnerLevel' with GeneratedClass '/Game/ThirdPersonBP/Maps/RunnerLevel.RunnerLevel_C' with ClassGeneratedBy '/Game/ThirdPersonBP/Maps/RunnerLevel.RunnerLevel:PersistentLevel.RunnerLevel'
[2018.12.07-18.58.47:272][583]LogSlate: Updating window title bar state: overlay mode, drag disabled, window buttons hidden, title bar hidden
[2018.12.07-18.58.47:309][585]LogPlayLevel: Display: Destroying online subsystem :Context_1
[2018.12.07-18.59.06:114][485]LogSlate: Window 'Plugins' being destroyed
[2018.12.07-18.59.06:121][485]LogSlate: Window 'Plugins' being destroyed
[2018.12.07-18.59.06:122][485]LogDirectoryWatcher: A directory notification for '../../../Engine/Plugins/' was aborted.
[2018.12.07-18.59.06:122][485]LogDirectoryWatcher: A directory notification for 'E:/Epic Games/UE_4.21/Enterprise/Plugins/' was aborted.
[2018.12.07-18.59.22:239][246]LogSlate: Only BGRA pngs, bmps or icos are supported in by External Image Picker
[2018.12.07-18.59.22:573][247]LogTemp: Executing iPhonePackager certificates Engine -bundlename com.YourCompany.UnrealRunner
[2018.12.07-18.59.22:574][247]LogTemp: CWD: E:\Epic Games\UE_4.21\Engine\Binaries\DotNET\IOS
[2018.12.07-18.59.22:574][247]LogTemp: Initial Dir: E:\Epic Games\UE_4.21
[2018.12.07-18.59.22:574][247]LogTemp: Env CWD: E:\Epic Games\UE_4.21\Engine\Binaries\DotNET\IOS
[2018.12.07-18.59.22:574][247]LogTemp: BranchPath = DESKTOP-6K8P8Q4/E/Epic Games/UE_4.21/Engine/Binaries --- GameBranchPath = DESKTOP-6K8P8Q4/E/Epic Games/UE_4.21/Engine/Binaries
[2018.12.07-18.59.22:678][248]LogTemp: IPP ERROR: Could not find provision directory 'C:\Users\Prophet!\AppData\Local/Apple Computer/MobileDevice/Provisioning Profiles/'.
[2018.12.07-18.59.24:564][317]LogSlate: Window 'Project Settings' being destroyed
[2018.12.07-18.59.24:569][317]LogSlate: Window 'Project Settings' being destroyed
